<?xml version="1.0" encoding="UTF-8"?>
<coverage generated="1766134978043" clover="3.2.0">
  <project timestamp="1766134978043" name="All files">
    <metrics statements="197" coveredstatements="166" conditionals="93" coveredconditionals="62" methods="30" coveredmethods="29" elements="320" coveredelements="257" complexity="0" loc="197" ncloc="197" packages="5" files="6" classes="6"/>
    <package name="src">
      <metrics statements="134" coveredstatements="109" conditionals="57" coveredconditionals="35" methods="19" coveredmethods="18"/>
      <file name="index.ts" path="/workspace/src/index.ts">
        <metrics statements="4" coveredstatements="4" conditionals="2" coveredconditionals="2" methods="1" coveredmethods="1"/>
        <line num="4" count="3" type="cond" truecount="2" falsecount="0"/>
        <line num="5" count="2" type="stmt"/>
        <line num="6" count="2" type="stmt"/>
        <line num="8" count="1" type="stmt"/>
      </file>
      <file name="withDevtools.ts" path="/workspace/src/withDevtools.ts">
        <metrics statements="130" coveredstatements="105" conditionals="55" coveredconditionals="33" methods="18" coveredmethods="17"/>
        <line num="1" count="3" type="stmt"/>
        <line num="138" count="3" type="stmt"/>
        <line num="139" count="3" type="stmt"/>
        <line num="140" count="3" type="stmt"/>
        <line num="143" count="3" type="stmt"/>
        <line num="145" count="38" type="cond" truecount="0" falsecount="1"/>
        <line num="146" count="0" type="stmt"/>
        <line num="150" count="38" type="cond" truecount="1" falsecount="0"/>
        <line num="151" count="6" type="stmt"/>
        <line num="155" count="32" type="stmt"/>
        <line num="156" count="32" type="stmt"/>
        <line num="157" count="32" type="stmt"/>
        <line num="158" count="31" type="cond" truecount="1" falsecount="0"/>
        <line num="159" count="31" type="stmt"/>
        <line num="160" count="31" type="stmt"/>
        <line num="162" count="31" type="stmt"/>
        <line num="164" count="1" type="stmt"/>
        <line num="165" count="1" type="stmt"/>
        <line num="169" count="32" type="stmt"/>
        <line num="173" count="3" type="stmt"/>
        <line num="174" count="33" type="stmt"/>
        <line num="175" count="33" type="stmt"/>
        <line num="176" count="33" type="stmt"/>
        <line num="180" count="3" type="cond" truecount="1" falsecount="0"/>
        <line num="181" count="38" type="stmt"/>
        <line num="183" count="39" type="stmt"/>
        <line num="186" count="39" type="cond" truecount="2" falsecount="0"/>
        <line num="187" count="39" type="cond" truecount="1" falsecount="0"/>
        <line num="188" count="1" type="stmt"/>
        <line num="192" count="38" type="stmt"/>
        <line num="193" count="38" type="stmt"/>
        <line num="194" count="38" type="stmt"/>
        <line num="198" count="38" type="cond" truecount="2" falsecount="0"/>
        <line num="199" count="38" type="cond" truecount="2" falsecount="0"/>
        <line num="202" count="38" type="stmt"/>
        <line num="203" count="49" type="cond" truecount="1" falsecount="0"/>
        <line num="204" count="43" type="stmt"/>
        <line num="210" count="6" type="cond" truecount="1" falsecount="0"/>
        <line num="211" count="4" type="stmt"/>
        <line num="212" count="4" type="stmt"/>
        <line num="214" count="1" type="stmt"/>
        <line num="215" count="1" type="stmt"/>
        <line num="219" count="2" type="stmt"/>
        <line num="223" count="38" type="stmt"/>
        <line num="224" count="3" type="stmt"/>
        <line num="225" count="3" type="stmt"/>
        <line num="227" count="1" type="stmt"/>
        <line num="228" count="1" type="stmt"/>
        <line num="233" count="38" type="stmt"/>
        <line num="234" count="0" type="cond" truecount="0" falsecount="1"/>
        <line num="236" count="0" type="stmt"/>
        <line num="237" count="0" type="cond" truecount="0" falsecount="1"/>
        <line num="239" count="0" type="cond" truecount="0" falsecount="1"/>
        <line num="240" count="0" type="stmt"/>
        <line num="241" count="0" type="stmt"/>
        <line num="244" count="0" type="stmt"/>
        <line num="249" count="0" type="cond" truecount="0" falsecount="1"/>
        <line num="253" count="0" type="stmt"/>
        <line num="258" count="38" type="stmt"/>
        <line num="259" count="5" type="cond" truecount="2" falsecount="1"/>
        <line num="261" count="5" type="cond" truecount="4" falsecount="2"/>
        <line num="263" count="1" type="stmt"/>
        <line num="264" count="1" type="stmt"/>
        <line num="265" count="1" type="stmt"/>
        <line num="268" count="0" type="cond" truecount="0" falsecount="1"/>
        <line num="269" count="0" type="stmt"/>
        <line num="270" count="0" type="cond" truecount="0" falsecount="1"/>
        <line num="271" count="0" type="stmt"/>
        <line num="274" count="0" type="stmt"/>
        <line num="277" count="0" type="cond" truecount="0" falsecount="1"/>
        <line num="278" count="0" type="stmt"/>
        <line num="279" count="0" type="cond" truecount="0" falsecount="1"/>
        <line num="280" count="0" type="stmt"/>
        <line num="281" count="0" type="stmt"/>
        <line num="284" count="0" type="stmt"/>
        <line num="288" count="3" type="cond" truecount="1" falsecount="0"/>
        <line num="289" count="3" type="stmt"/>
        <line num="290" count="3" type="cond" truecount="1" falsecount="0"/>
        <line num="291" count="2" type="stmt"/>
        <line num="294" count="3" type="stmt"/>
        <line num="297" count="1" type="stmt"/>
        <line num="298" count="1" type="stmt"/>
        <line num="303" count="38" type="stmt"/>
        <line num="305" count="38" type="stmt"/>
        <line num="307" count="38" type="cond" truecount="1" falsecount="0"/>
        <line num="308" count="2" type="stmt"/>
        <line num="312" count="36" type="stmt"/>
        <line num="313" count="5" type="cond" truecount="0" falsecount="1"/>
        <line num="317" count="0" type="stmt"/>
        <line num="319" count="5" type="cond" truecount="1" falsecount="1"/>
        <line num="321" count="0" type="stmt"/>
        <line num="322" count="0" type="stmt"/>
        <line num="324" count="5" type="stmt"/>
        <line num="325" count="5" type="stmt"/>
        <line num="331" count="38" type="stmt"/>
        <line num="332" count="37" type="stmt"/>
        <line num="339" count="38" type="stmt"/>
        <line num="340" count="12" type="cond" truecount="0" falsecount="1"/>
        <line num="342" count="12" type="cond" truecount="1" falsecount="1"/>
        <line num="344" count="12" type="stmt"/>
        <line num="352" count="38" type="stmt"/>
        <line num="353" count="3" type="stmt"/>
        <line num="354" count="3" type="stmt"/>
        <line num="355" count="3" type="stmt"/>
        <line num="356" count="3" type="stmt"/>
        <line num="360" count="38" type="stmt"/>
        <line num="364" count="12" type="cond" truecount="1" falsecount="0"/>
        <line num="367" count="8" type="cond" truecount="0" falsecount="1"/>
        <line num="368" count="0" type="stmt"/>
        <line num="372" count="8" type="cond" truecount="1" falsecount="0"/>
        <line num="373" count="2" type="stmt"/>
        <line num="375" count="6" type="cond" truecount="2" falsecount="0"/>
        <line num="378" count="4" type="cond" truecount="1" falsecount="0"/>
        <line num="379" count="3" type="stmt"/>
        <line num="382" count="1" type="stmt"/>
        <line num="386" count="38" type="stmt"/>
        <line num="387" count="38" type="stmt"/>
        <line num="393" count="13" type="cond" truecount="2" falsecount="0"/>
        <line num="397" count="13" type="cond" truecount="1" falsecount="0"/>
        <line num="399" count="12" type="stmt"/>
        <line num="400" count="12" type="stmt"/>
        <line num="402" count="12" type="stmt"/>
        <line num="406" count="38" type="stmt"/>
        <line num="413" count="38" type="stmt"/>
        <line num="417" count="38" type="stmt"/>
        <line num="420" count="38" type="stmt"/>
        <line num="421" count="38" type="cond" truecount="1" falsecount="0"/>
        <line num="422" count="36" type="stmt"/>
        <line num="426" count="38" type="stmt"/>
        <line num="429" count="3" type="stmt"/>
      </file>
    </package>
    <package name="webui.src.constants">
      <metrics statements="1" coveredstatements="1" conditionals="0" coveredconditionals="0" methods="0" coveredmethods="0"/>
      <file name="socketActionTypes.ts" path="/workspace/webui/src/constants/socketActionTypes.ts">
        <metrics statements="1" coveredstatements="1" conditionals="0" coveredconditionals="0" methods="0" coveredmethods="0"/>
        <line num="1" count="1" type="stmt"/>
      </file>
    </package>
    <package name="webui.src.middlewares">
      <metrics statements="49" coveredstatements="43" conditionals="27" coveredconditionals="18" methods="10" coveredmethods="10"/>
      <file name="api.ts" path="/workspace/webui/src/middlewares/api.ts">
        <metrics statements="49" coveredstatements="43" conditionals="27" coveredconditionals="18" methods="10" coveredmethods="10"/>
        <line num="1" count="1" type="stmt"/>
        <line num="12" count="1" type="stmt"/>
        <line num="16" count="1" type="stmt"/>
        <line num="18" count="1" type="stmt"/>
        <line num="30" count="4" type="stmt"/>
        <line num="38" count="4" type="stmt"/>
        <line num="52" count="2" type="stmt"/>
        <line num="58" count="2" type="stmt"/>
        <line num="59" count="2" type="stmt"/>
        <line num="60" count="2" type="cond" truecount="2" falsecount="0"/>
        <line num="61" count="2" type="stmt"/>
        <line num="104" count="4" type="stmt"/>
        <line num="106" count="4" type="cond" truecount="0" falsecount="1"/>
        <line num="107" count="0" type="stmt"/>
        <line num="111" count="0" type="stmt"/>
        <line num="113" count="4" type="cond" truecount="0" falsecount="1"/>
        <line num="114" count="0" type="stmt"/>
        <line num="115" count="0" type="stmt"/>
        <line num="118" count="4" type="cond" truecount="0" falsecount="1"/>
        <line num="119" count="0" type="stmt"/>
        <line num="120" count="0" type="stmt"/>
        <line num="123" count="4" type="stmt"/>
        <line num="130" count="4" type="stmt"/>
        <line num="131" count="4" type="cond" truecount="1" falsecount="1"/>
        <line num="132" count="4" type="cond" truecount="1" falsecount="0"/>
        <line num="137" count="1" type="stmt"/>
        <line num="147" count="11" type="stmt"/>
        <line num="148" count="11" type="stmt"/>
        <line num="151" count="11" type="stmt"/>
        <line num="152" count="2" type="stmt"/>
        <line num="153" count="2" type="stmt"/>
        <line num="164" count="11" type="stmt"/>
        <line num="165" count="2" type="stmt"/>
        <line num="166" count="2" type="stmt"/>
        <line num="180" count="11" type="stmt"/>
        <line num="181" count="1" type="stmt"/>
        <line num="182" count="1" type="stmt"/>
        <line num="185" count="11" type="stmt"/>
        <line num="188" count="1" type="stmt"/>
        <line num="189" count="19" type="stmt"/>
        <line num="192" count="19" type="stmt"/>
        <line num="194" count="19" type="stmt"/>
        <line num="195" count="10" type="stmt"/>
        <line num="196" count="10" type="cond" truecount="2" falsecount="0"/>
        <line num="198" count="4" type="cond" truecount="1" falsecount="0"/>
        <line num="199" count="4" type="stmt"/>
        <line num="201" count="2" type="stmt"/>
        <line num="202" count="2" type="stmt"/>
        <line num="204" count="10" type="stmt"/>
      </file>
    </package>
    <package name="webui.src.reducers">
      <metrics statements="3" coveredstatements="3" conditionals="0" coveredconditionals="0" methods="0" coveredmethods="0"/>
      <file name="index.ts" path="/workspace/webui/src/reducers/index.ts">
        <metrics statements="3" coveredstatements="3" conditionals="0" coveredconditionals="0" methods="0" coveredmethods="0"/>
        <line num="1" count="1" type="stmt"/>
        <line num="2" count="1" type="stmt"/>
        <line num="9" count="1" type="stmt"/>
      </file>
    </package>
    <package name="webui.src.utils">
      <metrics statements="10" coveredstatements="10" conditionals="9" coveredconditionals="9" methods="1" coveredmethods="1"/>
      <file name="monitorActions.ts" path="/workspace/webui/src/utils/monitorActions.ts">
        <metrics statements="10" coveredstatements="10" conditionals="9" coveredconditionals="9" methods="1" coveredmethods="1"/>
        <line num="8" count="2" type="stmt"/>
        <line num="20" count="22" type="stmt"/>
        <line num="22" count="22" type="cond" truecount="1" falsecount="0"/>
        <line num="23" count="15" type="stmt"/>
        <line num="24" count="15" type="cond" truecount="1" falsecount="0"/>
        <line num="26" count="8" type="cond" truecount="2" falsecount="0"/>
        <line num="28" count="8" type="stmt"/>
        <line num="30" count="8" type="stmt"/>
        <line num="39" count="22" type="stmt"/>
        <line num="46" count="22" type="stmt"/>
      </file>
    </package>
  </project>
</coverage>
