<?xml version="1.0" encoding="UTF-8"?>
<coverage generated="1759423889469" clover="3.2.0">
  <project timestamp="1759423889469" name="All files">
    <metrics statements="159" coveredstatements="130" conditionals="81" coveredconditionals="51" methods="26" coveredmethods="25" elements="266" coveredelements="206" complexity="0" loc="159" ncloc="159" packages="5" files="6" classes="6"/>
    <package name="src">
      <metrics statements="96" coveredstatements="73" conditionals="45" coveredconditionals="24" methods="15" coveredmethods="14"/>
      <file name="index.ts" path="/workspace/src/index.ts">
        <metrics statements="4" coveredstatements="4" conditionals="2" coveredconditionals="2" methods="1" coveredmethods="1"/>
        <line num="4" count="3" type="cond" truecount="2" falsecount="0"/>
        <line num="5" count="2" type="stmt"/>
        <line num="6" count="2" type="stmt"/>
        <line num="8" count="1" type="stmt"/>
      </file>
      <file name="withDevtools.ts" path="/workspace/src/withDevtools.ts">
        <metrics statements="92" coveredstatements="69" conditionals="43" coveredconditionals="22" methods="14" coveredmethods="13"/>
        <line num="1" count="3" type="stmt"/>
        <line num="120" count="3" type="cond" truecount="1" falsecount="0"/>
        <line num="121" count="19" type="stmt"/>
        <line num="123" count="20" type="stmt"/>
        <line num="126" count="20" type="cond" truecount="2" falsecount="0"/>
        <line num="127" count="20" type="cond" truecount="1" falsecount="0"/>
        <line num="128" count="1" type="stmt"/>
        <line num="132" count="19" type="stmt"/>
        <line num="133" count="19" type="stmt"/>
        <line num="136" count="19" type="stmt"/>
        <line num="137" count="2" type="stmt"/>
        <line num="138" count="2" type="stmt"/>
        <line num="140" count="1" type="stmt"/>
        <line num="141" count="1" type="stmt"/>
        <line num="146" count="19" type="stmt"/>
        <line num="147" count="0" type="cond" truecount="0" falsecount="1"/>
        <line num="149" count="0" type="stmt"/>
        <line num="150" count="0" type="cond" truecount="0" falsecount="1"/>
        <line num="152" count="0" type="cond" truecount="0" falsecount="1"/>
        <line num="153" count="0" type="stmt"/>
        <line num="154" count="0" type="stmt"/>
        <line num="157" count="0" type="stmt"/>
        <line num="162" count="0" type="cond" truecount="0" falsecount="1"/>
        <line num="166" count="0" type="stmt"/>
        <line num="171" count="19" type="stmt"/>
        <line num="172" count="4" type="cond" truecount="2" falsecount="1"/>
        <line num="174" count="4" type="cond" truecount="4" falsecount="2"/>
        <line num="176" count="1" type="stmt"/>
        <line num="177" count="1" type="stmt"/>
        <line num="178" count="1" type="stmt"/>
        <line num="181" count="0" type="cond" truecount="0" falsecount="1"/>
        <line num="182" count="0" type="stmt"/>
        <line num="183" count="0" type="cond" truecount="0" falsecount="1"/>
        <line num="184" count="0" type="stmt"/>
        <line num="187" count="0" type="stmt"/>
        <line num="190" count="0" type="cond" truecount="0" falsecount="1"/>
        <line num="191" count="0" type="stmt"/>
        <line num="192" count="0" type="cond" truecount="0" falsecount="1"/>
        <line num="193" count="0" type="stmt"/>
        <line num="194" count="0" type="stmt"/>
        <line num="197" count="0" type="stmt"/>
        <line num="201" count="2" type="cond" truecount="1" falsecount="0"/>
        <line num="202" count="2" type="stmt"/>
        <line num="203" count="2" type="cond" truecount="1" falsecount="0"/>
        <line num="204" count="1" type="stmt"/>
        <line num="207" count="2" type="stmt"/>
        <line num="210" count="1" type="stmt"/>
        <line num="211" count="1" type="stmt"/>
        <line num="216" count="19" type="stmt"/>
        <line num="217" count="19" type="stmt"/>
        <line num="218" count="19" type="stmt"/>
        <line num="221" count="17" type="stmt"/>
        <line num="222" count="4" type="cond" truecount="0" falsecount="1"/>
        <line num="226" count="0" type="stmt"/>
        <line num="228" count="4" type="cond" truecount="1" falsecount="1"/>
        <line num="230" count="0" type="stmt"/>
        <line num="231" count="0" type="stmt"/>
        <line num="233" count="4" type="stmt"/>
        <line num="234" count="4" type="stmt"/>
        <line num="238" count="17" type="stmt"/>
        <line num="240" count="2" type="stmt"/>
        <line num="245" count="19" type="stmt"/>
        <line num="246" count="18" type="stmt"/>
        <line num="253" count="19" type="stmt"/>
        <line num="254" count="5" type="cond" truecount="0" falsecount="1"/>
        <line num="256" count="5" type="cond" truecount="1" falsecount="1"/>
        <line num="258" count="5" type="stmt"/>
        <line num="266" count="19" type="stmt"/>
        <line num="267" count="2" type="stmt"/>
        <line num="268" count="2" type="stmt"/>
        <line num="269" count="2" type="stmt"/>
        <line num="270" count="2" type="stmt"/>
        <line num="274" count="19" type="stmt"/>
        <line num="275" count="5" type="cond" truecount="1" falsecount="0"/>
        <line num="276" count="2" type="cond" truecount="2" falsecount="0"/>
        <line num="279" count="3" type="cond" truecount="1" falsecount="0"/>
        <line num="280" count="2" type="stmt"/>
        <line num="283" count="1" type="stmt"/>
        <line num="287" count="19" type="stmt"/>
        <line num="288" count="19" type="stmt"/>
        <line num="294" count="6" type="cond" truecount="1" falsecount="1"/>
        <line num="298" count="6" type="cond" truecount="1" falsecount="0"/>
        <line num="300" count="5" type="stmt"/>
        <line num="301" count="5" type="stmt"/>
        <line num="303" count="5" type="stmt"/>
        <line num="307" count="19" type="stmt"/>
        <line num="314" count="19" type="stmt"/>
        <line num="317" count="19" type="stmt"/>
        <line num="318" count="19" type="cond" truecount="1" falsecount="0"/>
        <line num="319" count="17" type="stmt"/>
        <line num="323" count="19" type="stmt"/>
        <line num="326" count="3" type="stmt"/>
      </file>
    </package>
    <package name="webui.src.constants">
      <metrics statements="1" coveredstatements="1" conditionals="0" coveredconditionals="0" methods="0" coveredmethods="0"/>
      <file name="socketActionTypes.ts" path="/workspace/webui/src/constants/socketActionTypes.ts">
        <metrics statements="1" coveredstatements="1" conditionals="0" coveredconditionals="0" methods="0" coveredmethods="0"/>
        <line num="1" count="1" type="stmt"/>
      </file>
    </package>
    <package name="webui.src.middlewares">
      <metrics statements="49" coveredstatements="43" conditionals="27" coveredconditionals="18" methods="10" coveredmethods="10"/>
      <file name="api.ts" path="/workspace/webui/src/middlewares/api.ts">
        <metrics statements="49" coveredstatements="43" conditionals="27" coveredconditionals="18" methods="10" coveredmethods="10"/>
        <line num="1" count="1" type="stmt"/>
        <line num="12" count="1" type="stmt"/>
        <line num="16" count="1" type="stmt"/>
        <line num="18" count="1" type="stmt"/>
        <line num="30" count="4" type="stmt"/>
        <line num="38" count="4" type="stmt"/>
        <line num="52" count="2" type="stmt"/>
        <line num="58" count="2" type="stmt"/>
        <line num="59" count="2" type="stmt"/>
        <line num="60" count="2" type="cond" truecount="2" falsecount="0"/>
        <line num="61" count="2" type="stmt"/>
        <line num="104" count="4" type="stmt"/>
        <line num="106" count="4" type="cond" truecount="0" falsecount="1"/>
        <line num="107" count="0" type="stmt"/>
        <line num="111" count="0" type="stmt"/>
        <line num="113" count="4" type="cond" truecount="0" falsecount="1"/>
        <line num="114" count="0" type="stmt"/>
        <line num="115" count="0" type="stmt"/>
        <line num="118" count="4" type="cond" truecount="0" falsecount="1"/>
        <line num="119" count="0" type="stmt"/>
        <line num="120" count="0" type="stmt"/>
        <line num="123" count="4" type="stmt"/>
        <line num="130" count="4" type="stmt"/>
        <line num="131" count="4" type="cond" truecount="1" falsecount="1"/>
        <line num="132" count="4" type="cond" truecount="1" falsecount="0"/>
        <line num="137" count="1" type="stmt"/>
        <line num="147" count="11" type="stmt"/>
        <line num="148" count="11" type="stmt"/>
        <line num="151" count="11" type="stmt"/>
        <line num="152" count="2" type="stmt"/>
        <line num="153" count="2" type="stmt"/>
        <line num="164" count="11" type="stmt"/>
        <line num="165" count="2" type="stmt"/>
        <line num="166" count="2" type="stmt"/>
        <line num="180" count="11" type="stmt"/>
        <line num="181" count="1" type="stmt"/>
        <line num="182" count="1" type="stmt"/>
        <line num="185" count="11" type="stmt"/>
        <line num="188" count="1" type="stmt"/>
        <line num="189" count="19" type="stmt"/>
        <line num="192" count="19" type="stmt"/>
        <line num="194" count="19" type="stmt"/>
        <line num="195" count="10" type="stmt"/>
        <line num="196" count="10" type="cond" truecount="2" falsecount="0"/>
        <line num="198" count="4" type="cond" truecount="1" falsecount="0"/>
        <line num="199" count="4" type="stmt"/>
        <line num="201" count="2" type="stmt"/>
        <line num="202" count="2" type="stmt"/>
        <line num="204" count="10" type="stmt"/>
      </file>
    </package>
    <package name="webui.src.reducers">
      <metrics statements="3" coveredstatements="3" conditionals="0" coveredconditionals="0" methods="0" coveredmethods="0"/>
      <file name="index.ts" path="/workspace/webui/src/reducers/index.ts">
        <metrics statements="3" coveredstatements="3" conditionals="0" coveredconditionals="0" methods="0" coveredmethods="0"/>
        <line num="1" count="1" type="stmt"/>
        <line num="2" count="1" type="stmt"/>
        <line num="9" count="1" type="stmt"/>
      </file>
    </package>
    <package name="webui.src.utils">
      <metrics statements="10" coveredstatements="10" conditionals="9" coveredconditionals="9" methods="1" coveredmethods="1"/>
      <file name="monitorActions.ts" path="/workspace/webui/src/utils/monitorActions.ts">
        <metrics statements="10" coveredstatements="10" conditionals="9" coveredconditionals="9" methods="1" coveredmethods="1"/>
        <line num="8" count="2" type="stmt"/>
        <line num="20" count="22" type="stmt"/>
        <line num="22" count="22" type="cond" truecount="1" falsecount="0"/>
        <line num="23" count="15" type="stmt"/>
        <line num="24" count="15" type="cond" truecount="1" falsecount="0"/>
        <line num="26" count="8" type="cond" truecount="2" falsecount="0"/>
        <line num="28" count="8" type="stmt"/>
        <line num="30" count="8" type="stmt"/>
        <line num="39" count="22" type="stmt"/>
        <line num="46" count="22" type="stmt"/>
      </file>
    </package>
  </project>
</coverage>
