{"/workspace/src/index.ts": {"path":"/workspace/src/index.ts","statementMap":{"0":{"start":{"line":4,"column":0},"end":{"line":9,"column":1}},"1":{"start":{"line":5,"column":24},"end":{"line":5,"column":49}},"2":{"start":{"line":6,"column":1},"end":{"line":6,"column":36}},"3":{"start":{"line":8,"column":1},"end":{"line":8,"column":67}},"4":{"start":{"line":8,"column":20},"end":{"line":8,"column":21}}},"fnMap":{"0":{"name":"(anonymous_0)","decl":{"start":{"line":8,"column":13},"end":{"line":8,"column":14}},"loc":{"start":{"line":8,"column":20},"end":{"line":8,"column":21}}}},"branchMap":{"0":{"loc":{"start":{"line":4,"column":0},"end":{"line":9,"column":1}},"type":"if","locations":[{"start":{"line":4,"column":0},"end":{"line":9,"column":1}},{"start":{"line":7,"column":7},"end":{"line":9,"column":1}}]}},"s":{"0":3,"1":2,"2":2,"3":1,"4":1},"f":{"0":1},"b":{"0":[2,1]}}
,"/workspace/src/withDevtools.ts": {"path":"/workspace/src/withDevtools.ts","statementMap":{"0":{"start":{"line":1,"column":0},"end":{"line":1,"column":61}},"1":{"start":{"line":120,"column":1},"end":{"line":324,"column":2}},"2":{"start":{"line":121,"column":1},"end":{"line":324,"column":2}},"3":{"start":{"line":123,"column":3},"end":{"line":123,"column":41}},"4":{"start":{"line":126,"column":20},"end":{"line":126,"column":35}},"5":{"start":{"line":127,"column":2},"end":{"line":129,"column":3}},"6":{"start":{"line":128,"column":3},"end":{"line":128,"column":28}},"7":{"start":{"line":132,"column":20},"end":{"line":132,"column":24}},"8":{"start":{"line":133,"column":38},"end":{"line":133,"column":42}},"9":{"start":{"line":136,"column":24},"end":{"line":143,"column":3}},"10":{"start":{"line":137,"column":3},"end":{"line":142,"column":4}},"11":{"start":{"line":138,"column":4},"end":{"line":138,"column":34}},"12":{"start":{"line":140,"column":4},"end":{"line":140,"column":75}},"13":{"start":{"line":141,"column":4},"end":{"line":141,"column":16}},"14":{"start":{"line":146,"column":30},"end":{"line":168,"column":3}},"15":{"start":{"line":147,"column":3},"end":{"line":147,"column":50}},"16":{"start":{"line":147,"column":43},"end":{"line":147,"column":50}},"17":{"start":{"line":149,"column":18},"end":{"line":149,"column":57}},"18":{"start":{"line":150,"column":3},"end":{"line":150,"column":23}},"19":{"start":{"line":150,"column":16},"end":{"line":150,"column":23}},"20":{"start":{"line":152,"column":3},"end":{"line":155,"column":4}},"21":{"start":{"line":153,"column":4},"end":{"line":153,"column":39}},"22":{"start":{"line":154,"column":4},"end":{"line":154,"column":11}},"23":{"start":{"line":157,"column":23},"end":{"line":157,"column":null}},"24":{"start":{"line":162,"column":3},"end":{"line":167,"column":4}},"25":{"start":{"line":166,"column":4},"end":{"line":166,"column":33}},"26":{"start":{"line":171,"column":32},"end":{"line":213,"column":3}},"27":{"start":{"line":172,"column":3},"end":{"line":172,"column":75}},"28":{"start":{"line":172,"column":68},"end":{"line":172,"column":75}},"29":{"start":{"line":174,"column":3},"end":{"line":212,"column":4}},"30":{"start":{"line":176,"column":5},"end":{"line":176,"column":40}},"31":{"start":{"line":177,"column":5},"end":{"line":177,"column":30}},"32":{"start":{"line":178,"column":5},"end":{"line":178,"column":11}},"33":{"start":{"line":181,"column":5},"end":{"line":186,"column":6}},"34":{"start":{"line":182,"column":20},"end":{"line":182,"column":64}},"35":{"start":{"line":183,"column":6},"end":{"line":185,"column":7}},"36":{"start":{"line":184,"column":7},"end":{"line":184,"column":23}},"37":{"start":{"line":187,"column":5},"end":{"line":187,"column":11}},"38":{"start":{"line":190,"column":5},"end":{"line":196,"column":6}},"39":{"start":{"line":191,"column":20},"end":{"line":191,"column":66}},"40":{"start":{"line":192,"column":6},"end":{"line":195,"column":7}},"41":{"start":{"line":193,"column":7},"end":{"line":193,"column":35}},"42":{"start":{"line":194,"column":7},"end":{"line":194,"column":32}},"43":{"start":{"line":197,"column":5},"end":{"line":197,"column":11}},"44":{"start":{"line":201,"column":5},"end":{"line":206,"column":6}},"45":{"start":{"line":202,"column":20},"end":{"line":202,"column":62}},"46":{"start":{"line":203,"column":6},"end":{"line":205,"column":7}},"47":{"start":{"line":204,"column":7},"end":{"line":204,"column":35}},"48":{"start":{"line":207,"column":5},"end":{"line":207,"column":11}},"49":{"start":{"line":210,"column":5},"end":{"line":210,"column":32}},"50":{"start":{"line":211,"column":5},"end":{"line":211,"column":11}},"51":{"start":{"line":216,"column":27},"end":{"line":242,"column":3}},"52":{"start":{"line":217,"column":3},"end":{"line":241,"column":4}},"53":{"start":{"line":218,"column":4},"end":{"line":218,"column":73}},"54":{"start":{"line":221,"column":4},"end":{"line":236,"column":7}},"55":{"start":{"line":222,"column":5},"end":{"line":226,"column":13}},"56":{"start":{"line":226,"column":6},"end":{"line":226,"column":13}},"57":{"start":{"line":228,"column":5},"end":{"line":235,"column":6}},"58":{"start":{"line":230,"column":7},"end":{"line":230,"column":36}},"59":{"start":{"line":231,"column":7},"end":{"line":231,"column":13}},"60":{"start":{"line":233,"column":7},"end":{"line":233,"column":38}},"61":{"start":{"line":234,"column":7},"end":{"line":234,"column":13}},"62":{"start":{"line":238,"column":4},"end":{"line":238,"column":57}},"63":{"start":{"line":240,"column":4},"end":{"line":240,"column":76}},"64":{"start":{"line":245,"column":19},"end":{"line":250,"column":3}},"65":{"start":{"line":246,"column":3},"end":{"line":249,"column":6}},"66":{"start":{"line":253,"column":26},"end":{"line":263,"column":3}},"67":{"start":{"line":254,"column":3},"end":{"line":254,"column":28}},"68":{"start":{"line":254,"column":21},"end":{"line":254,"column":28}},"69":{"start":{"line":256,"column":21},"end":{"line":256,"column":75}},"70":{"start":{"line":258,"column":3},"end":{"line":262,"column":6}},"71":{"start":{"line":266,"column":31},"end":{"line":271,"column":3}},"72":{"start":{"line":267,"column":31},"end":{"line":267,"column":42}},"73":{"start":{"line":268,"column":3},"end":{"line":268,"column":23}},"74":{"start":{"line":269,"column":3},"end":{"line":269,"column":43}},"75":{"start":{"line":270,"column":3},"end":{"line":270,"column":37}},"76":{"start":{"line":274,"column":23},"end":{"line":284,"column":3}},"77":{"start":{"line":275,"column":3},"end":{"line":277,"column":4}},"78":{"start":{"line":276,"column":4},"end":{"line":276,"column":56}},"79":{"start":{"line":279,"column":3},"end":{"line":281,"column":4}},"80":{"start":{"line":280,"column":4},"end":{"line":280,"column":34}},"81":{"start":{"line":283,"column":3},"end":{"line":283,"column":23}},"82":{"start":{"line":287,"column":27},"end":{"line":287,"column":39}},"83":{"start":{"line":288,"column":2},"end":{"line":304,"column":4}},"84":{"start":{"line":294,"column":4},"end":{"line":296,"column":30}},"85":{"start":{"line":298,"column":3},"end":{"line":298,"column":35}},"86":{"start":{"line":298,"column":21},"end":{"line":298,"column":35}},"87":{"start":{"line":300,"column":18},"end":{"line":300,"column":44}},"88":{"start":{"line":301,"column":3},"end":{"line":301,"column":34}},"89":{"start":{"line":303,"column":3},"end":{"line":303,"column":17}},"90":{"start":{"line":307,"column":3},"end":{"line":311,"column":4}},"91":{"start":{"line":314,"column":23},"end":{"line":314,"column":49}},"92":{"start":{"line":317,"column":2},"end":{"line":321,"column":5}},"93":{"start":{"line":318,"column":3},"end":{"line":320,"column":4}},"94":{"start":{"line":319,"column":4},"end":{"line":319,"column":27}},"95":{"start":{"line":323,"column":2},"end":{"line":323,"column":22}},"96":{"start":{"line":326,"column":13},"end":{"line":326,"column":68}}},"fnMap":{"0":{"name":"(anonymous_0)","decl":{"start":{"line":120,"column":1},"end":{"line":120,"column":2}},"loc":{"start":{"line":121,"column":1},"end":{"line":324,"column":2}}},"1":{"name":"(anonymous_1)","decl":{"start":{"line":121,"column":1},"end":{"line":121,"column":2}},"loc":{"start":{"line":121,"column":19},"end":{"line":324,"column":2}}},"2":{"name":"(anonymous_2)","decl":{"start":{"line":136,"column":24},"end":{"line":136,"column":25}},"loc":{"start":{"line":136,"column":69},"end":{"line":143,"column":3}}},"3":{"name":"(anonymous_3)","decl":{"start":{"line":146,"column":30},"end":{"line":146,"column":31}},"loc":{"start":{"line":146,"column":59},"end":{"line":168,"column":3}}},"4":{"name":"(anonymous_4)","decl":{"start":{"line":171,"column":32},"end":{"line":171,"column":33}},"loc":{"start":{"line":171,"column":61},"end":{"line":213,"column":3}}},"5":{"name":"(anonymous_5)","decl":{"start":{"line":216,"column":27},"end":{"line":216,"column":32}},"loc":{"start":{"line":216,"column":38},"end":{"line":242,"column":3}}},"6":{"name":"(anonymous_6)","decl":{"start":{"line":221,"column":42},"end":{"line":221,"column":43}},"loc":{"start":{"line":221,"column":71},"end":{"line":236,"column":5}}},"7":{"name":"(anonymous_7)","decl":{"start":{"line":245,"column":19},"end":{"line":245,"column":20}},"loc":{"start":{"line":245,"column":38},"end":{"line":250,"column":3}}},"8":{"name":"(anonymous_8)","decl":{"start":{"line":253,"column":26},"end":{"line":253,"column":27}},"loc":{"start":{"line":253,"column":61},"end":{"line":263,"column":3}}},"9":{"name":"(anonymous_9)","decl":{"start":{"line":266,"column":31},"end":{"line":266,"column":32}},"loc":{"start":{"line":266,"column":50},"end":{"line":271,"column":3}}},"10":{"name":"(anonymous_10)","decl":{"start":{"line":274,"column":23},"end":{"line":274,"column":24}},"loc":{"start":{"line":274,"column":67},"end":{"line":284,"column":3}}},"11":{"name":"(anonymous_11)","decl":{"start":{"line":288,"column":17},"end":{"line":288,"column":null}},"loc":{"start":{"line":292,"column":6},"end":{"line":304,"column":3}}},"12":{"name":"(anonymous_12)","decl":{"start":{"line":308,"column":12},"end":{"line":308,"column":15}},"loc":{"start":{"line":308,"column":17},"end":{"line":310,"column":4}}},"13":{"name":"(anonymous_13)","decl":{"start":{"line":317,"column":26},"end":{"line":317,"column":29}},"loc":{"start":{"line":317,"column":31},"end":{"line":321,"column":3}}}},"branchMap":{"0":{"loc":{"start":{"line":120,"column":6},"end":{"line":120,"column":26}},"type":"default-arg","locations":[{"start":{"line":120,"column":24},"end":{"line":120,"column":26}}]},"1":{"loc":{"start":{"line":126,"column":20},"end":{"line":126,"column":35}},"type":"binary-expr","locations":[{"start":{"line":126,"column":20},"end":{"line":126,"column":27}},{"start":{"line":126,"column":31},"end":{"line":126,"column":35}}]},"2":{"loc":{"start":{"line":127,"column":2},"end":{"line":129,"column":3}},"type":"if","locations":[{"start":{"line":127,"column":2},"end":{"line":129,"column":3}}]},"3":{"loc":{"start":{"line":147,"column":3},"end":{"line":147,"column":50}},"type":"if","locations":[{"start":{"line":147,"column":3},"end":{"line":147,"column":50}}]},"4":{"loc":{"start":{"line":150,"column":3},"end":{"line":150,"column":23}},"type":"if","locations":[{"start":{"line":150,"column":3},"end":{"line":150,"column":23}}]},"5":{"loc":{"start":{"line":152,"column":3},"end":{"line":155,"column":4}},"type":"if","locations":[{"start":{"line":152,"column":3},"end":{"line":155,"column":4}}]},"6":{"loc":{"start":{"line":162,"column":3},"end":{"line":167,"column":4}},"type":"if","locations":[{"start":{"line":162,"column":3},"end":{"line":167,"column":4}}]},"7":{"loc":{"start":{"line":163,"column":4},"end":{"line":164,"column":46}},"type":"binary-expr","locations":[{"start":{"line":163,"column":4},"end":{"line":163,"column":36}},{"start":{"line":164,"column":4},"end":{"line":164,"column":46}}]},"8":{"loc":{"start":{"line":172,"column":3},"end":{"line":172,"column":75}},"type":"if","locations":[{"start":{"line":172,"column":3},"end":{"line":172,"column":75}}]},"9":{"loc":{"start":{"line":172,"column":7},"end":{"line":172,"column":66}},"type":"binary-expr","locations":[{"start":{"line":172,"column":7},"end":{"line":172,"column":41}},{"start":{"line":172,"column":45},"end":{"line":172,"column":66}}]},"10":{"loc":{"start":{"line":174,"column":3},"end":{"line":212,"column":4}},"type":"switch","locations":[{"start":{"line":175,"column":4},"end":{"line":178,"column":11}},{"start":{"line":180,"column":4},"end":{"line":187,"column":11}},{"start":{"line":189,"column":4},"end":{"line":197,"column":11}},{"start":{"line":199,"column":4},"end":{"line":199,"column":25}},{"start":{"line":200,"column":4},"end":{"line":207,"column":11}},{"start":{"line":209,"column":4},"end":{"line":211,"column":11}}]},"11":{"loc":{"start":{"line":181,"column":5},"end":{"line":186,"column":6}},"type":"if","locations":[{"start":{"line":181,"column":5},"end":{"line":186,"column":6}}]},"12":{"loc":{"start":{"line":183,"column":6},"end":{"line":185,"column":7}},"type":"if","locations":[{"start":{"line":183,"column":6},"end":{"line":185,"column":7}}]},"13":{"loc":{"start":{"line":190,"column":5},"end":{"line":196,"column":6}},"type":"if","locations":[{"start":{"line":190,"column":5},"end":{"line":196,"column":6}}]},"14":{"loc":{"start":{"line":192,"column":6},"end":{"line":195,"column":7}},"type":"if","locations":[{"start":{"line":192,"column":6},"end":{"line":195,"column":7}}]},"15":{"loc":{"start":{"line":201,"column":5},"end":{"line":206,"column":6}},"type":"if","locations":[{"start":{"line":201,"column":5},"end":{"line":206,"column":6}}]},"16":{"loc":{"start":{"line":203,"column":6},"end":{"line":205,"column":7}},"type":"if","locations":[{"start":{"line":203,"column":6},"end":{"line":205,"column":7}}]},"17":{"loc":{"start":{"line":222,"column":5},"end":{"line":226,"column":13}},"type":"if","locations":[{"start":{"line":222,"column":5},"end":{"line":226,"column":13}}]},"18":{"loc":{"start":{"line":223,"column":6},"end":{"line":224,"column":62}},"type":"binary-expr","locations":[{"start":{"line":223,"column":6},"end":{"line":223,"column":19}},{"start":{"line":224,"column":6},"end":{"line":224,"column":62}}]},"19":{"loc":{"start":{"line":224,"column":30},"end":{"line":224,"column":61}},"type":"binary-expr","locations":[{"start":{"line":224,"column":30},"end":{"line":224,"column":42}},{"start":{"line":224,"column":46},"end":{"line":224,"column":61}}]},"20":{"loc":{"start":{"line":228,"column":5},"end":{"line":235,"column":6}},"type":"switch","locations":[{"start":{"line":229,"column":6},"end":{"line":231,"column":13}},{"start":{"line":232,"column":6},"end":{"line":234,"column":13}}]},"21":{"loc":{"start":{"line":254,"column":3},"end":{"line":254,"column":28}},"type":"if","locations":[{"start":{"line":254,"column":3},"end":{"line":254,"column":28}}]},"22":{"loc":{"start":{"line":256,"column":21},"end":{"line":256,"column":75}},"type":"cond-expr","locations":[{"start":{"line":256,"column":50},"end":{"line":256,"column":66}},{"start":{"line":256,"column":69},"end":{"line":256,"column":75}}]},"23":{"loc":{"start":{"line":275,"column":3},"end":{"line":277,"column":4}},"type":"if","locations":[{"start":{"line":275,"column":3},"end":{"line":277,"column":4}}]},"24":{"loc":{"start":{"line":276,"column":19},"end":{"line":276,"column":53}},"type":"binary-expr","locations":[{"start":{"line":276,"column":19},"end":{"line":276,"column":38}},{"start":{"line":276,"column":42},"end":{"line":276,"column":53}}]},"25":{"loc":{"start":{"line":279,"column":3},"end":{"line":281,"column":4}},"type":"if","locations":[{"start":{"line":279,"column":3},"end":{"line":281,"column":4}}]},"26":{"loc":{"start":{"line":294,"column":4},"end":{"line":296,"column":30}},"type":"cond-expr","locations":[{"start":{"line":295,"column":7},"end":{"line":295,"column":36}},{"start":{"line":296,"column":7},"end":{"line":296,"column":30}}]},"27":{"loc":{"start":{"line":298,"column":3},"end":{"line":298,"column":35}},"type":"if","locations":[{"start":{"line":298,"column":3},"end":{"line":298,"column":35}}]},"28":{"loc":{"start":{"line":318,"column":3},"end":{"line":320,"column":4}},"type":"if","locations":[{"start":{"line":318,"column":3},"end":{"line":320,"column":4}}]}},"s":{"0":3,"1":3,"2":19,"3":20,"4":20,"5":20,"6":1,"7":19,"8":19,"9":19,"10":2,"11":2,"12":1,"13":1,"14":19,"15":0,"16":0,"17":0,"18":0,"19":0,"20":0,"21":0,"22":0,"23":0,"24":0,"25":0,"26":19,"27":4,"28":0,"29":4,"30":1,"31":1,"32":1,"33":0,"34":0,"35":0,"36":0,"37":0,"38":0,"39":0,"40":0,"41":0,"42":0,"43":0,"44":2,"45":2,"46":2,"47":1,"48":2,"49":1,"50":1,"51":19,"52":19,"53":19,"54":17,"55":4,"56":0,"57":4,"58":0,"59":0,"60":4,"61":4,"62":17,"63":2,"64":19,"65":18,"66":19,"67":5,"68":0,"69":5,"70":5,"71":19,"72":2,"73":2,"74":2,"75":2,"76":19,"77":5,"78":2,"79":3,"80":2,"81":1,"82":19,"83":19,"84":6,"85":6,"86":1,"87":5,"88":5,"89":5,"90":19,"91":19,"92":19,"93":19,"94":17,"95":19,"96":3},"f":{"0":19,"1":20,"2":2,"3":0,"4":4,"5":19,"6":4,"7":18,"8":5,"9":2,"10":5,"11":6,"12":1,"13":19},"b":{"0":[12],"1":[20,19],"2":[1],"3":[0],"4":[0],"5":[0],"6":[0],"7":[0,0],"8":[0],"9":[4,4],"10":[1,0,0,2,2,1],"11":[0],"12":[0],"13":[0],"14":[0],"15":[2],"16":[1],"17":[0],"18":[4,0],"19":[0,0],"20":[0,4],"21":[0],"22":[0,5],"23":[2],"24":[2,1],"25":[2],"26":[0,6],"27":[1],"28":[17]}}
,"/workspace/webui/src/constants/socketActionTypes.ts": {"path":"/workspace/webui/src/constants/socketActionTypes.ts","statementMap":{"0":{"start":{"line":1,"column":13},"end":{"line":1,"column":34}}},"fnMap":{},"branchMap":{},"s":{"0":1},"f":{},"b":{}}
,"/workspace/webui/src/middlewares/api.ts": {"path":"/workspace/webui/src/middlewares/api.ts","statementMap":{"0":{"start":{"line":188,"column":0},"end":{"line":188,"column":16}},"1":{"start":{"line":1,"column":0},"end":{"line":1,"column":null}},"2":{"start":{"line":12,"column":0},"end":{"line":12,"column":33}},"3":{"start":{"line":16,"column":0},"end":{"line":16,"column":58}},"4":{"start":{"line":18,"column":0},"end":{"line":18,"column":59}},"5":{"start":{"line":30,"column":1},"end":{"line":35,"column":4}},"6":{"start":{"line":38,"column":1},"end":{"line":43,"column":4}},"7":{"start":{"line":52,"column":1},"end":{"line":57,"column":4}},"8":{"start":{"line":58,"column":19},"end":{"line":58,"column":45}},"9":{"start":{"line":59,"column":20},"end":{"line":59,"column":48}},"10":{"start":{"line":60,"column":12},"end":{"line":60,"column":64}},"11":{"start":{"line":61,"column":1},"end":{"line":75,"column":4}},"12":{"start":{"line":104,"column":1},"end":{"line":104,"column":67}},"13":{"start":{"line":106,"column":1},"end":{"line":112,"column":2}},"14":{"start":{"line":107,"column":2},"end":{"line":110,"column":5}},"15":{"start":{"line":111,"column":2},"end":{"line":111,"column":9}},"16":{"start":{"line":113,"column":1},"end":{"line":116,"column":2}},"17":{"start":{"line":114,"column":2},"end":{"line":114,"column":75}},"18":{"start":{"line":115,"column":2},"end":{"line":115,"column":9}},"19":{"start":{"line":118,"column":1},"end":{"line":121,"column":2}},"20":{"start":{"line":119,"column":2},"end":{"line":119,"column":52}},"21":{"start":{"line":120,"column":2},"end":{"line":120,"column":9}},"22":{"start":{"line":123,"column":1},"end":{"line":128,"column":4}},"23":{"start":{"line":130,"column":19},"end":{"line":130,"column":45}},"24":{"start":{"line":131,"column":20},"end":{"line":131,"column":52}},"25":{"start":{"line":132,"column":1},"end":{"line":143,"column":2}},"26":{"start":{"line":137,"column":2},"end":{"line":142,"column":5}},"27":{"start":{"line":147,"column":1},"end":{"line":147,"column":31}},"28":{"start":{"line":148,"column":1},"end":{"line":148,"column":61}},"29":{"start":{"line":151,"column":1},"end":{"line":161,"column":4}},"30":{"start":{"line":152,"column":2},"end":{"line":152,"column":57}},"31":{"start":{"line":153,"column":2},"end":{"line":160,"column":26}},"32":{"start":{"line":164,"column":1},"end":{"line":177,"column":4}},"33":{"start":{"line":165,"column":2},"end":{"line":165,"column":57}},"34":{"start":{"line":166,"column":2},"end":{"line":176,"column":26}},"35":{"start":{"line":180,"column":1},"end":{"line":183,"column":4}},"36":{"start":{"line":181,"column":2},"end":{"line":181,"column":49}},"37":{"start":{"line":182,"column":2},"end":{"line":182,"column":54}},"38":{"start":{"line":185,"column":1},"end":{"line":185,"column":58}},"39":{"start":{"line":189,"column":1},"end":{"line":189,"column":17}},"40":{"start":{"line":192,"column":1},"end":{"line":192,"column":42}},"41":{"start":{"line":194,"column":1},"end":{"line":205,"column":3}},"42":{"start":{"line":194,"column":41},"end":{"line":205,"column":2}},"43":{"start":{"line":195,"column":17},"end":{"line":195,"column":29}},"44":{"start":{"line":196,"column":2},"end":{"line":203,"column":3}},"45":{"start":{"line":198,"column":4},"end":{"line":198,"column":57}},"46":{"start":{"line":198,"column":30},"end":{"line":198,"column":57}},"47":{"start":{"line":199,"column":4},"end":{"line":199,"column":10}},"48":{"start":{"line":201,"column":4},"end":{"line":201,"column":55}},"49":{"start":{"line":202,"column":4},"end":{"line":202,"column":10}},"50":{"start":{"line":204,"column":2},"end":{"line":204,"column":16}}},"fnMap":{"0":{"name":"emit","decl":{"start":{"line":29,"column":9},"end":{"line":29,"column":13}},"loc":{"start":{"line":29,"column":70},"end":{"line":44,"column":1}}},"1":{"name":"dispatchRemoteAction","decl":{"start":{"line":46,"column":9},"end":{"line":46,"column":29}},"loc":{"start":{"line":51,"column":21},"end":{"line":76,"column":1}}},"2":{"name":"monitoring","decl":{"start":{"line":103,"column":9},"end":{"line":103,"column":19}},"loc":{"start":{"line":103,"column":46},"end":{"line":144,"column":1}}},"3":{"name":"connect","decl":{"start":{"line":146,"column":9},"end":{"line":146,"column":16}},"loc":{"start":{"line":146,"column":45},"end":{"line":186,"column":1}}},"4":{"name":"(anonymous_13)","decl":{"start":{"line":151,"column":35},"end":{"line":151,"column":36}},"loc":{"start":{"line":151,"column":44},"end":{"line":161,"column":2}}},"5":{"name":"(anonymous_14)","decl":{"start":{"line":164,"column":36},"end":{"line":164,"column":37}},"loc":{"start":{"line":164,"column":45},"end":{"line":177,"column":2}}},"6":{"name":"(anonymous_15)","decl":{"start":{"line":180,"column":35},"end":{"line":180,"column":36}},"loc":{"start":{"line":180,"column":44},"end":{"line":183,"column":2}}},"7":{"name":"api","decl":{"start":{"line":188,"column":16},"end":{"line":188,"column":19}},"loc":{"start":{"line":188,"column":77},"end":{"line":206,"column":1}}},"8":{"name":"(anonymous_17)","decl":{"start":{"line":194,"column":8},"end":{"line":194,"column":9}},"loc":{"start":{"line":194,"column":41},"end":{"line":205,"column":2}}},"9":{"name":"(anonymous_18)","decl":{"start":{"line":194,"column":41},"end":{"line":194,"column":42}},"loc":{"start":{"line":194,"column":65},"end":{"line":205,"column":2}}}},"branchMap":{"0":{"loc":{"start":{"line":60,"column":12},"end":{"line":60,"column":64}},"type":"binary-expr","locations":[{"start":{"line":60,"column":12},"end":{"line":60,"column":18}},{"start":{"line":60,"column":22},"end":{"line":60,"column":64}}]},"1":{"loc":{"start":{"line":106,"column":1},"end":{"line":112,"column":2}},"type":"if","locations":[{"start":{"line":106,"column":1},"end":{"line":112,"column":2}}]},"2":{"loc":{"start":{"line":113,"column":1},"end":{"line":116,"column":2}},"type":"if","locations":[{"start":{"line":113,"column":1},"end":{"line":116,"column":2}}]},"3":{"loc":{"start":{"line":118,"column":1},"end":{"line":121,"column":2}},"type":"if","locations":[{"start":{"line":118,"column":1},"end":{"line":121,"column":2}}]},"4":{"loc":{"start":{"line":125,"column":12},"end":{"line":127,"column":12}},"type":"cond-expr","locations":[{"start":{"line":126,"column":5},"end":{"line":126,"column":72}},{"start":{"line":127,"column":5},"end":{"line":127,"column":12}}]},"5":{"loc":{"start":{"line":131,"column":20},"end":{"line":131,"column":52}},"type":"binary-expr","locations":[{"start":{"line":131,"column":20},"end":{"line":131,"column":38}},{"start":{"line":131,"column":42},"end":{"line":131,"column":52}}]},"6":{"loc":{"start":{"line":132,"column":1},"end":{"line":143,"column":2}},"type":"if","locations":[{"start":{"line":132,"column":1},"end":{"line":143,"column":2}}]},"7":{"loc":{"start":{"line":133,"column":2},"end":{"line":135,"column":57}},"type":"binary-expr","locations":[{"start":{"line":133,"column":2},"end":{"line":133,"column":16}},{"start":{"line":134,"column":2},"end":{"line":134,"column":35}},{"start":{"line":135,"column":3},"end":{"line":135,"column":28}},{"start":{"line":135,"column":32},"end":{"line":135,"column":56}}]},"8":{"loc":{"start":{"line":158,"column":7},"end":{"line":158,"column":35}},"type":"binary-expr","locations":[{"start":{"line":158,"column":7},"end":{"line":158,"column":16}},{"start":{"line":158,"column":20},"end":{"line":158,"column":35}}]},"9":{"loc":{"start":{"line":159,"column":15},"end":{"line":159,"column":43}},"type":"binary-expr","locations":[{"start":{"line":159,"column":15},"end":{"line":159,"column":24}},{"start":{"line":159,"column":28},"end":{"line":159,"column":43}}]},"10":{"loc":{"start":{"line":169,"column":10},"end":{"line":169,"column":37}},"type":"binary-expr","locations":[{"start":{"line":169,"column":10},"end":{"line":169,"column":19}},{"start":{"line":169,"column":23},"end":{"line":169,"column":37}}]},"11":{"loc":{"start":{"line":174,"column":7},"end":{"line":174,"column":35}},"type":"binary-expr","locations":[{"start":{"line":174,"column":7},"end":{"line":174,"column":16}},{"start":{"line":174,"column":20},"end":{"line":174,"column":35}}]},"12":{"loc":{"start":{"line":175,"column":15},"end":{"line":175,"column":43}},"type":"binary-expr","locations":[{"start":{"line":175,"column":15},"end":{"line":175,"column":24}},{"start":{"line":175,"column":28},"end":{"line":175,"column":43}}]},"13":{"loc":{"start":{"line":196,"column":2},"end":{"line":203,"column":3}},"type":"switch","locations":[{"start":{"line":197,"column":3},"end":{"line":199,"column":10}},{"start":{"line":200,"column":3},"end":{"line":202,"column":10}}]},"14":{"loc":{"start":{"line":198,"column":4},"end":{"line":198,"column":57}},"type":"if","locations":[{"start":{"line":198,"column":4},"end":{"line":198,"column":57}}]}},"s":{"0":1,"1":1,"2":1,"3":1,"4":1,"5":4,"6":4,"7":2,"8":2,"9":2,"10":2,"11":2,"12":4,"13":4,"14":0,"15":0,"16":4,"17":0,"18":0,"19":4,"20":0,"21":0,"22":4,"23":4,"24":4,"25":4,"26":1,"27":11,"28":11,"29":11,"30":2,"31":2,"32":11,"33":2,"34":2,"35":11,"36":1,"37":1,"38":11,"39":19,"40":19,"41":19,"42":9,"43":10,"44":10,"45":4,"46":4,"47":4,"48":2,"49":2,"50":10},"f":{"0":4,"1":2,"2":4,"3":11,"4":2,"5":2,"6":1,"7":19,"8":9,"9":10},"b":{"0":[2,1],"1":[0],"2":[0],"3":[0],"4":[0,4],"5":[4,0],"6":[1],"7":[4,4,1,0],"8":[2,1],"9":[2,1],"10":[2,0],"11":[2,0],"12":[2,0],"13":[4,2],"14":[4]}}
,"/workspace/webui/src/reducers/index.ts": {"path":"/workspace/webui/src/reducers/index.ts","statementMap":{"0":{"start":{"line":1,"column":0},"end":{"line":1,"column":77}},"1":{"start":{"line":2,"column":0},"end":{"line":2,"column":40}},"2":{"start":{"line":9,"column":13},"end":{"line":11,"column":3}}},"fnMap":{},"branchMap":{},"s":{"0":1,"1":1,"2":1},"f":{},"b":{}}
,"/workspace/webui/src/utils/monitorActions.ts": {"path":"/workspace/webui/src/utils/monitorActions.ts","statementMap":{"0":{"start":{"line":8,"column":0},"end":{"line":8,"column":16}},"1":{"start":{"line":20,"column":17},"end":{"line":20,"column":22}},"2":{"start":{"line":22,"column":1},"end":{"line":37,"column":2}},"3":{"start":{"line":23,"column":25},"end":{"line":23,"column":56}},"4":{"start":{"line":24,"column":2},"end":{"line":36,"column":3}},"5":{"start":{"line":26,"column":4},"end":{"line":26,"column":70}},"6":{"start":{"line":28,"column":4},"end":{"line":28,"column":56}},"7":{"start":{"line":30,"column":3},"end":{"line":35,"column":21}},"8":{"start":{"line":39,"column":1},"end":{"line":45,"column":4}},"9":{"start":{"line":46,"column":1},"end":{"line":46,"column":34}}},"fnMap":{"0":{"name":"nonReduxDispatch","decl":{"start":{"line":8,"column":16},"end":{"line":8,"column":32}},"loc":{"start":{"line":14,"column":27},"end":{"line":47,"column":1}}}},"branchMap":{"0":{"loc":{"start":{"line":22,"column":1},"end":{"line":37,"column":2}},"type":"if","locations":[{"start":{"line":22,"column":1},"end":{"line":37,"column":2}}]},"1":{"loc":{"start":{"line":24,"column":2},"end":{"line":36,"column":3}},"type":"if","locations":[{"start":{"line":24,"column":2},"end":{"line":36,"column":3}}]},"2":{"loc":{"start":{"line":26,"column":4},"end":{"line":26,"column":70}},"type":"cond-expr","locations":[{"start":{"line":26,"column":34},"end":{"line":26,"column":35}},{"start":{"line":26,"column":38},"end":{"line":26,"column":70}}]},"3":{"loc":{"start":{"line":31,"column":4},"end":{"line":35,"column":20}},"type":"cond-expr","locations":[{"start":{"line":34,"column":8},"end":{"line":34,"column":50}},{"start":{"line":35,"column":7},"end":{"line":35,"column":20}}]},"4":{"loc":{"start":{"line":31,"column":4},"end":{"line":33,"column":28}},"type":"binary-expr","locations":[{"start":{"line":31,"column":4},"end":{"line":31,"column":17}},{"start":{"line":32,"column":4},"end":{"line":32,"column":37}},{"start":{"line":33,"column":4},"end":{"line":33,"column":28}}]}},"s":{"0":2,"1":22,"2":22,"3":15,"4":15,"5":8,"6":8,"7":8,"8":22,"9":22},"f":{"0":22},"b":{"0":[15],"1":[8],"2":[1,7],"3":[1,7],"4":[8,7,7]}}
}
