{"/workspace/src/index.ts": {"path":"/workspace/src/index.ts","statementMap":{"0":{"start":{"line":4,"column":0},"end":{"line":9,"column":1}},"1":{"start":{"line":5,"column":24},"end":{"line":5,"column":49}},"2":{"start":{"line":6,"column":1},"end":{"line":6,"column":36}},"3":{"start":{"line":8,"column":1},"end":{"line":8,"column":67}},"4":{"start":{"line":8,"column":20},"end":{"line":8,"column":21}}},"fnMap":{"0":{"name":"(anonymous_0)","decl":{"start":{"line":8,"column":13},"end":{"line":8,"column":14}},"loc":{"start":{"line":8,"column":20},"end":{"line":8,"column":21}}}},"branchMap":{"0":{"loc":{"start":{"line":4,"column":0},"end":{"line":9,"column":1}},"type":"if","locations":[{"start":{"line":4,"column":0},"end":{"line":9,"column":1}},{"start":{"line":7,"column":7},"end":{"line":9,"column":1}}]}},"s":{"0":3,"1":2,"2":2,"3":1,"4":1},"f":{"0":1},"b":{"0":[2,1]}}
,"/workspace/src/withDevtools.ts": {"path":"/workspace/src/withDevtools.ts","statementMap":{"0":{"start":{"line":1,"column":0},"end":{"line":1,"column":61}},"1":{"start":{"line":138,"column":42},"end":{"line":138,"column":46}},"2":{"start":{"line":139,"column":73},"end":{"line":139,"column":77}},"3":{"start":{"line":140,"column":24},"end":{"line":140,"column":29}},"4":{"start":{"line":143,"column":26},"end":{"line":170,"column":1}},"5":{"start":{"line":145,"column":1},"end":{"line":147,"column":2}},"6":{"start":{"line":146,"column":2},"end":{"line":146,"column":22}},"7":{"start":{"line":150,"column":1},"end":{"line":152,"column":2}},"8":{"start":{"line":151,"column":2},"end":{"line":151,"column":37}},"9":{"start":{"line":155,"column":1},"end":{"line":167,"column":6}},"10":{"start":{"line":156,"column":2},"end":{"line":166,"column":3}},"11":{"start":{"line":157,"column":3},"end":{"line":157,"column":78}},"12":{"start":{"line":158,"column":3},"end":{"line":161,"column":4}},"13":{"start":{"line":159,"column":4},"end":{"line":159,"column":57}},"14":{"start":{"line":160,"column":4},"end":{"line":160,"column":29}},"15":{"start":{"line":162,"column":3},"end":{"line":162,"column":23}},"16":{"start":{"line":164,"column":3},"end":{"line":164,"column":75}},"17":{"start":{"line":165,"column":3},"end":{"line":165,"column":15}},"18":{"start":{"line":169,"column":1},"end":{"line":169,"column":36}},"19":{"start":{"line":173,"column":37},"end":{"line":177,"column":1}},"20":{"start":{"line":174,"column":1},"end":{"line":174,"column":21}},"21":{"start":{"line":175,"column":1},"end":{"line":175,"column":36}},"22":{"start":{"line":176,"column":1},"end":{"line":176,"column":27}},"23":{"start":{"line":173,"column":13},"end":{"line":173,"column":37}},"24":{"start":{"line":180,"column":1},"end":{"line":427,"column":2}},"25":{"start":{"line":181,"column":1},"end":{"line":427,"column":2}},"26":{"start":{"line":183,"column":3},"end":{"line":183,"column":41}},"27":{"start":{"line":186,"column":20},"end":{"line":186,"column":35}},"28":{"start":{"line":187,"column":2},"end":{"line":189,"column":3}},"29":{"start":{"line":188,"column":3},"end":{"line":188,"column":28}},"30":{"start":{"line":192,"column":20},"end":{"line":192,"column":24}},"31":{"start":{"line":193,"column":38},"end":{"line":193,"column":42}},"32":{"start":{"line":194,"column":23},"end":{"line":194,"column":27}},"33":{"start":{"line":198,"column":3},"end":{"line":198,"column":65}},"34":{"start":{"line":199,"column":18},"end":{"line":199,"column":79}},"35":{"start":{"line":202,"column":25},"end":{"line":220,"column":3}},"36":{"start":{"line":203,"column":3},"end":{"line":205,"column":4}},"37":{"start":{"line":204,"column":4},"end":{"line":204,"column":17}},"38":{"start":{"line":210,"column":3},"end":{"line":217,"column":4}},"39":{"start":{"line":211,"column":4},"end":{"line":216,"column":5}},"40":{"start":{"line":212,"column":5},"end":{"line":212,"column":63}},"41":{"start":{"line":214,"column":5},"end":{"line":214,"column":65}},"42":{"start":{"line":215,"column":5},"end":{"line":215,"column":18}},"43":{"start":{"line":219,"column":3},"end":{"line":219,"column":16}},"44":{"start":{"line":223,"column":24},"end":{"line":230,"column":3}},"45":{"start":{"line":224,"column":3},"end":{"line":229,"column":4}},"46":{"start":{"line":225,"column":4},"end":{"line":225,"column":50}},"47":{"start":{"line":227,"column":4},"end":{"line":227,"column":75}},"48":{"start":{"line":228,"column":4},"end":{"line":228,"column":16}},"49":{"start":{"line":233,"column":30},"end":{"line":255,"column":3}},"50":{"start":{"line":234,"column":3},"end":{"line":234,"column":50}},"51":{"start":{"line":234,"column":43},"end":{"line":234,"column":50}},"52":{"start":{"line":236,"column":18},"end":{"line":236,"column":57}},"53":{"start":{"line":237,"column":3},"end":{"line":237,"column":23}},"54":{"start":{"line":237,"column":16},"end":{"line":237,"column":23}},"55":{"start":{"line":239,"column":3},"end":{"line":242,"column":4}},"56":{"start":{"line":240,"column":4},"end":{"line":240,"column":39}},"57":{"start":{"line":241,"column":4},"end":{"line":241,"column":11}},"58":{"start":{"line":244,"column":23},"end":{"line":244,"column":null}},"59":{"start":{"line":249,"column":3},"end":{"line":254,"column":4}},"60":{"start":{"line":253,"column":4},"end":{"line":253,"column":33}},"61":{"start":{"line":258,"column":32},"end":{"line":300,"column":3}},"62":{"start":{"line":259,"column":3},"end":{"line":259,"column":75}},"63":{"start":{"line":259,"column":68},"end":{"line":259,"column":75}},"64":{"start":{"line":261,"column":3},"end":{"line":299,"column":4}},"65":{"start":{"line":263,"column":5},"end":{"line":263,"column":40}},"66":{"start":{"line":264,"column":5},"end":{"line":264,"column":30}},"67":{"start":{"line":265,"column":5},"end":{"line":265,"column":11}},"68":{"start":{"line":268,"column":5},"end":{"line":273,"column":6}},"69":{"start":{"line":269,"column":20},"end":{"line":269,"column":64}},"70":{"start":{"line":270,"column":6},"end":{"line":272,"column":7}},"71":{"start":{"line":271,"column":7},"end":{"line":271,"column":23}},"72":{"start":{"line":274,"column":5},"end":{"line":274,"column":11}},"73":{"start":{"line":277,"column":5},"end":{"line":283,"column":6}},"74":{"start":{"line":278,"column":20},"end":{"line":278,"column":66}},"75":{"start":{"line":279,"column":6},"end":{"line":282,"column":7}},"76":{"start":{"line":280,"column":7},"end":{"line":280,"column":35}},"77":{"start":{"line":281,"column":7},"end":{"line":281,"column":32}},"78":{"start":{"line":284,"column":5},"end":{"line":284,"column":11}},"79":{"start":{"line":288,"column":5},"end":{"line":293,"column":6}},"80":{"start":{"line":289,"column":20},"end":{"line":289,"column":62}},"81":{"start":{"line":290,"column":6},"end":{"line":292,"column":7}},"82":{"start":{"line":291,"column":7},"end":{"line":291,"column":35}},"83":{"start":{"line":294,"column":5},"end":{"line":294,"column":11}},"84":{"start":{"line":297,"column":5},"end":{"line":297,"column":32}},"85":{"start":{"line":298,"column":5},"end":{"line":298,"column":11}},"86":{"start":{"line":303,"column":26},"end":{"line":328,"column":2}},"87":{"start":{"line":305,"column":2},"end":{"line":305,"column":37}},"88":{"start":{"line":307,"column":2},"end":{"line":309,"column":3}},"89":{"start":{"line":308,"column":3},"end":{"line":308,"column":10}},"90":{"start":{"line":312,"column":2},"end":{"line":327,"column":5}},"91":{"start":{"line":313,"column":3},"end":{"line":317,"column":11}},"92":{"start":{"line":317,"column":4},"end":{"line":317,"column":11}},"93":{"start":{"line":319,"column":3},"end":{"line":326,"column":4}},"94":{"start":{"line":321,"column":5},"end":{"line":321,"column":34}},"95":{"start":{"line":322,"column":5},"end":{"line":322,"column":11}},"96":{"start":{"line":324,"column":5},"end":{"line":324,"column":36}},"97":{"start":{"line":325,"column":5},"end":{"line":325,"column":11}},"98":{"start":{"line":331,"column":18},"end":{"line":336,"column":2}},"99":{"start":{"line":332,"column":2},"end":{"line":335,"column":5}},"100":{"start":{"line":339,"column":25},"end":{"line":349,"column":2}},"101":{"start":{"line":340,"column":2},"end":{"line":340,"column":27}},"102":{"start":{"line":340,"column":20},"end":{"line":340,"column":27}},"103":{"start":{"line":342,"column":20},"end":{"line":342,"column":74}},"104":{"start":{"line":344,"column":2},"end":{"line":348,"column":5}},"105":{"start":{"line":352,"column":31},"end":{"line":357,"column":3}},"106":{"start":{"line":353,"column":31},"end":{"line":353,"column":42}},"107":{"start":{"line":354,"column":3},"end":{"line":354,"column":23}},"108":{"start":{"line":355,"column":3},"end":{"line":355,"column":43}},"109":{"start":{"line":356,"column":3},"end":{"line":356,"column":37}},"110":{"start":{"line":360,"column":22},"end":{"line":383,"column":2}},"111":{"start":{"line":364,"column":2},"end":{"line":376,"column":3}},"112":{"start":{"line":367,"column":3},"end":{"line":369,"column":4}},"113":{"start":{"line":368,"column":4},"end":{"line":368,"column":35}},"114":{"start":{"line":372,"column":3},"end":{"line":374,"column":4}},"115":{"start":{"line":373,"column":4},"end":{"line":373,"column":35}},"116":{"start":{"line":375,"column":3},"end":{"line":375,"column":55}},"117":{"start":{"line":378,"column":2},"end":{"line":380,"column":3}},"118":{"start":{"line":379,"column":3},"end":{"line":379,"column":33}},"119":{"start":{"line":382,"column":2},"end":{"line":382,"column":22}},"120":{"start":{"line":386,"column":26},"end":{"line":386,"column":38}},"121":{"start":{"line":387,"column":1},"end":{"line":403,"column":3}},"122":{"start":{"line":393,"column":3},"end":{"line":395,"column":29}},"123":{"start":{"line":397,"column":2},"end":{"line":397,"column":34}},"124":{"start":{"line":397,"column":20},"end":{"line":397,"column":34}},"125":{"start":{"line":399,"column":17},"end":{"line":399,"column":52}},"126":{"start":{"line":400,"column":2},"end":{"line":400,"column":33}},"127":{"start":{"line":402,"column":2},"end":{"line":402,"column":16}},"128":{"start":{"line":406,"column":3},"end":{"line":410,"column":4}},"129":{"start":{"line":413,"column":23},"end":{"line":413,"column":49}},"130":{"start":{"line":417,"column":2},"end":{"line":417,"column":25}},"131":{"start":{"line":420,"column":2},"end":{"line":424,"column":5}},"132":{"start":{"line":421,"column":3},"end":{"line":423,"column":4}},"133":{"start":{"line":422,"column":4},"end":{"line":422,"column":27}},"134":{"start":{"line":426,"column":2},"end":{"line":426,"column":22}},"135":{"start":{"line":429,"column":13},"end":{"line":429,"column":68}}},"fnMap":{"0":{"name":"(anonymous_0)","decl":{"start":{"line":143,"column":26},"end":{"line":143,"column":31}},"loc":{"start":{"line":143,"column":69},"end":{"line":170,"column":1}}},"1":{"name":"(anonymous_1)","decl":{"start":{"line":155,"column":32},"end":{"line":155,"column":37}},"loc":{"start":{"line":155,"column":43},"end":{"line":167,"column":2}}},"2":{"name":"(anonymous_2)","decl":{"start":{"line":173,"column":37},"end":{"line":173,"column":40}},"loc":{"start":{"line":173,"column":42},"end":{"line":177,"column":1}}},"3":{"name":"(anonymous_3)","decl":{"start":{"line":180,"column":1},"end":{"line":180,"column":2}},"loc":{"start":{"line":181,"column":1},"end":{"line":427,"column":2}}},"4":{"name":"(anonymous_4)","decl":{"start":{"line":181,"column":1},"end":{"line":181,"column":2}},"loc":{"start":{"line":181,"column":19},"end":{"line":427,"column":2}}},"5":{"name":"(anonymous_5)","decl":{"start":{"line":202,"column":25},"end":{"line":202,"column":26}},"loc":{"start":{"line":202,"column":53},"end":{"line":220,"column":3}}},"6":{"name":"(anonymous_6)","decl":{"start":{"line":223,"column":24},"end":{"line":223,"column":25}},"loc":{"start":{"line":223,"column":69},"end":{"line":230,"column":3}}},"7":{"name":"(anonymous_7)","decl":{"start":{"line":233,"column":30},"end":{"line":233,"column":31}},"loc":{"start":{"line":233,"column":59},"end":{"line":255,"column":3}}},"8":{"name":"(anonymous_8)","decl":{"start":{"line":258,"column":32},"end":{"line":258,"column":33}},"loc":{"start":{"line":258,"column":61},"end":{"line":300,"column":3}}},"9":{"name":"(anonymous_9)","decl":{"start":{"line":303,"column":26},"end":{"line":303,"column":31}},"loc":{"start":{"line":303,"column":37},"end":{"line":328,"column":2}}},"10":{"name":"(anonymous_10)","decl":{"start":{"line":312,"column":40},"end":{"line":312,"column":41}},"loc":{"start":{"line":312,"column":69},"end":{"line":327,"column":3}}},"11":{"name":"(anonymous_11)","decl":{"start":{"line":331,"column":18},"end":{"line":331,"column":19}},"loc":{"start":{"line":331,"column":37},"end":{"line":336,"column":2}}},"12":{"name":"(anonymous_12)","decl":{"start":{"line":339,"column":25},"end":{"line":339,"column":26}},"loc":{"start":{"line":339,"column":60},"end":{"line":349,"column":2}}},"13":{"name":"(anonymous_13)","decl":{"start":{"line":352,"column":31},"end":{"line":352,"column":32}},"loc":{"start":{"line":352,"column":50},"end":{"line":357,"column":3}}},"14":{"name":"(anonymous_14)","decl":{"start":{"line":360,"column":22},"end":{"line":360,"column":null}},"loc":{"start":{"line":363,"column":23},"end":{"line":383,"column":2}}},"15":{"name":"(anonymous_15)","decl":{"start":{"line":387,"column":16},"end":{"line":387,"column":null}},"loc":{"start":{"line":391,"column":5},"end":{"line":403,"column":2}}},"16":{"name":"(anonymous_16)","decl":{"start":{"line":407,"column":12},"end":{"line":407,"column":15}},"loc":{"start":{"line":407,"column":17},"end":{"line":409,"column":4}}},"17":{"name":"(anonymous_17)","decl":{"start":{"line":420,"column":26},"end":{"line":420,"column":29}},"loc":{"start":{"line":420,"column":31},"end":{"line":424,"column":3}}}},"branchMap":{"0":{"loc":{"start":{"line":145,"column":1},"end":{"line":147,"column":2}},"type":"if","locations":[{"start":{"line":145,"column":1},"end":{"line":147,"column":2}}]},"1":{"loc":{"start":{"line":150,"column":1},"end":{"line":152,"column":2}},"type":"if","locations":[{"start":{"line":150,"column":1},"end":{"line":152,"column":2}}]},"2":{"loc":{"start":{"line":158,"column":3},"end":{"line":161,"column":4}},"type":"if","locations":[{"start":{"line":158,"column":3},"end":{"line":161,"column":4}}]},"3":{"loc":{"start":{"line":180,"column":6},"end":{"line":180,"column":26}},"type":"default-arg","locations":[{"start":{"line":180,"column":24},"end":{"line":180,"column":26}}]},"4":{"loc":{"start":{"line":186,"column":20},"end":{"line":186,"column":35}},"type":"binary-expr","locations":[{"start":{"line":186,"column":20},"end":{"line":186,"column":27}},{"start":{"line":186,"column":31},"end":{"line":186,"column":35}}]},"5":{"loc":{"start":{"line":187,"column":2},"end":{"line":189,"column":3}},"type":"if","locations":[{"start":{"line":187,"column":2},"end":{"line":189,"column":3}}]},"6":{"loc":{"start":{"line":198,"column":3},"end":{"line":198,"column":65}},"type":"cond-expr","locations":[{"start":{"line":198,"column":35},"end":{"line":198,"column":53}},{"start":{"line":198,"column":56},"end":{"line":198,"column":65}}]},"7":{"loc":{"start":{"line":199,"column":18},"end":{"line":199,"column":79}},"type":"cond-expr","locations":[{"start":{"line":199,"column":50},"end":{"line":199,"column":67}},{"start":{"line":199,"column":70},"end":{"line":199,"column":79}}]},"8":{"loc":{"start":{"line":203,"column":3},"end":{"line":205,"column":4}},"type":"if","locations":[{"start":{"line":203,"column":3},"end":{"line":205,"column":4}}]},"9":{"loc":{"start":{"line":210,"column":3},"end":{"line":217,"column":4}},"type":"if","locations":[{"start":{"line":210,"column":3},"end":{"line":217,"column":4}}]},"10":{"loc":{"start":{"line":234,"column":3},"end":{"line":234,"column":50}},"type":"if","locations":[{"start":{"line":234,"column":3},"end":{"line":234,"column":50}}]},"11":{"loc":{"start":{"line":237,"column":3},"end":{"line":237,"column":23}},"type":"if","locations":[{"start":{"line":237,"column":3},"end":{"line":237,"column":23}}]},"12":{"loc":{"start":{"line":239,"column":3},"end":{"line":242,"column":4}},"type":"if","locations":[{"start":{"line":239,"column":3},"end":{"line":242,"column":4}}]},"13":{"loc":{"start":{"line":249,"column":3},"end":{"line":254,"column":4}},"type":"if","locations":[{"start":{"line":249,"column":3},"end":{"line":254,"column":4}}]},"14":{"loc":{"start":{"line":250,"column":4},"end":{"line":251,"column":46}},"type":"binary-expr","locations":[{"start":{"line":250,"column":4},"end":{"line":250,"column":36}},{"start":{"line":251,"column":4},"end":{"line":251,"column":46}}]},"15":{"loc":{"start":{"line":259,"column":3},"end":{"line":259,"column":75}},"type":"if","locations":[{"start":{"line":259,"column":3},"end":{"line":259,"column":75}}]},"16":{"loc":{"start":{"line":259,"column":7},"end":{"line":259,"column":66}},"type":"binary-expr","locations":[{"start":{"line":259,"column":7},"end":{"line":259,"column":41}},{"start":{"line":259,"column":45},"end":{"line":259,"column":66}}]},"17":{"loc":{"start":{"line":261,"column":3},"end":{"line":299,"column":4}},"type":"switch","locations":[{"start":{"line":262,"column":4},"end":{"line":265,"column":11}},{"start":{"line":267,"column":4},"end":{"line":274,"column":11}},{"start":{"line":276,"column":4},"end":{"line":284,"column":11}},{"start":{"line":286,"column":4},"end":{"line":286,"column":25}},{"start":{"line":287,"column":4},"end":{"line":294,"column":11}},{"start":{"line":296,"column":4},"end":{"line":298,"column":11}}]},"18":{"loc":{"start":{"line":268,"column":5},"end":{"line":273,"column":6}},"type":"if","locations":[{"start":{"line":268,"column":5},"end":{"line":273,"column":6}}]},"19":{"loc":{"start":{"line":270,"column":6},"end":{"line":272,"column":7}},"type":"if","locations":[{"start":{"line":270,"column":6},"end":{"line":272,"column":7}}]},"20":{"loc":{"start":{"line":277,"column":5},"end":{"line":283,"column":6}},"type":"if","locations":[{"start":{"line":277,"column":5},"end":{"line":283,"column":6}}]},"21":{"loc":{"start":{"line":279,"column":6},"end":{"line":282,"column":7}},"type":"if","locations":[{"start":{"line":279,"column":6},"end":{"line":282,"column":7}}]},"22":{"loc":{"start":{"line":288,"column":5},"end":{"line":293,"column":6}},"type":"if","locations":[{"start":{"line":288,"column":5},"end":{"line":293,"column":6}}]},"23":{"loc":{"start":{"line":290,"column":6},"end":{"line":292,"column":7}},"type":"if","locations":[{"start":{"line":290,"column":6},"end":{"line":292,"column":7}}]},"24":{"loc":{"start":{"line":307,"column":2},"end":{"line":309,"column":3}},"type":"if","locations":[{"start":{"line":307,"column":2},"end":{"line":309,"column":3}}]},"25":{"loc":{"start":{"line":313,"column":3},"end":{"line":317,"column":11}},"type":"if","locations":[{"start":{"line":313,"column":3},"end":{"line":317,"column":11}}]},"26":{"loc":{"start":{"line":314,"column":4},"end":{"line":315,"column":60}},"type":"binary-expr","locations":[{"start":{"line":314,"column":4},"end":{"line":314,"column":17}},{"start":{"line":315,"column":4},"end":{"line":315,"column":60}}]},"27":{"loc":{"start":{"line":315,"column":28},"end":{"line":315,"column":59}},"type":"binary-expr","locations":[{"start":{"line":315,"column":28},"end":{"line":315,"column":40}},{"start":{"line":315,"column":44},"end":{"line":315,"column":59}}]},"28":{"loc":{"start":{"line":319,"column":3},"end":{"line":326,"column":4}},"type":"switch","locations":[{"start":{"line":320,"column":4},"end":{"line":322,"column":11}},{"start":{"line":323,"column":4},"end":{"line":325,"column":11}}]},"29":{"loc":{"start":{"line":340,"column":2},"end":{"line":340,"column":27}},"type":"if","locations":[{"start":{"line":340,"column":2},"end":{"line":340,"column":27}}]},"30":{"loc":{"start":{"line":342,"column":20},"end":{"line":342,"column":74}},"type":"cond-expr","locations":[{"start":{"line":342,"column":49},"end":{"line":342,"column":65}},{"start":{"line":342,"column":68},"end":{"line":342,"column":74}}]},"31":{"loc":{"start":{"line":364,"column":2},"end":{"line":376,"column":3}},"type":"if","locations":[{"start":{"line":364,"column":2},"end":{"line":376,"column":3}}]},"32":{"loc":{"start":{"line":367,"column":3},"end":{"line":369,"column":4}},"type":"if","locations":[{"start":{"line":367,"column":3},"end":{"line":369,"column":4}}]},"33":{"loc":{"start":{"line":372,"column":3},"end":{"line":374,"column":4}},"type":"if","locations":[{"start":{"line":372,"column":3},"end":{"line":374,"column":4}}]},"34":{"loc":{"start":{"line":375,"column":18},"end":{"line":375,"column":52}},"type":"binary-expr","locations":[{"start":{"line":375,"column":18},"end":{"line":375,"column":37}},{"start":{"line":375,"column":41},"end":{"line":375,"column":52}}]},"35":{"loc":{"start":{"line":378,"column":2},"end":{"line":380,"column":3}},"type":"if","locations":[{"start":{"line":378,"column":2},"end":{"line":380,"column":3}}]},"36":{"loc":{"start":{"line":393,"column":3},"end":{"line":395,"column":29}},"type":"cond-expr","locations":[{"start":{"line":394,"column":6},"end":{"line":394,"column":35}},{"start":{"line":395,"column":6},"end":{"line":395,"column":29}}]},"37":{"loc":{"start":{"line":397,"column":2},"end":{"line":397,"column":34}},"type":"if","locations":[{"start":{"line":397,"column":2},"end":{"line":397,"column":34}}]},"38":{"loc":{"start":{"line":421,"column":3},"end":{"line":423,"column":4}},"type":"if","locations":[{"start":{"line":421,"column":3},"end":{"line":423,"column":4}}]}},"s":{"0":3,"1":3,"2":3,"3":3,"4":3,"5":38,"6":0,"7":38,"8":6,"9":32,"10":32,"11":32,"12":31,"13":31,"14":31,"15":31,"16":1,"17":1,"18":32,"19":3,"20":33,"21":33,"22":33,"23":3,"24":3,"25":38,"26":39,"27":39,"28":39,"29":1,"30":38,"31":38,"32":38,"33":38,"34":38,"35":38,"36":49,"37":43,"38":6,"39":4,"40":4,"41":1,"42":1,"43":2,"44":38,"45":3,"46":3,"47":1,"48":1,"49":38,"50":0,"51":0,"52":0,"53":0,"54":0,"55":0,"56":0,"57":0,"58":0,"59":0,"60":0,"61":38,"62":5,"63":0,"64":5,"65":1,"66":1,"67":1,"68":0,"69":0,"70":0,"71":0,"72":0,"73":0,"74":0,"75":0,"76":0,"77":0,"78":0,"79":3,"80":3,"81":3,"82":2,"83":3,"84":1,"85":1,"86":38,"87":38,"88":38,"89":2,"90":36,"91":5,"92":0,"93":5,"94":0,"95":0,"96":5,"97":5,"98":38,"99":37,"100":38,"101":12,"102":0,"103":12,"104":12,"105":38,"106":3,"107":3,"108":3,"109":3,"110":38,"111":12,"112":8,"113":0,"114":8,"115":2,"116":6,"117":4,"118":3,"119":1,"120":38,"121":38,"122":13,"123":13,"124":1,"125":12,"126":12,"127":12,"128":38,"129":38,"130":38,"131":38,"132":38,"133":36,"134":38,"135":3},"f":{"0":38,"1":32,"2":33,"3":38,"4":39,"5":49,"6":3,"7":0,"8":5,"9":38,"10":5,"11":37,"12":12,"13":3,"14":12,"15":13,"16":1,"17":38},"b":{"0":[0],"1":[6],"2":[31],"3":[15],"4":[39,38],"5":[1],"6":[4,34],"7":[4,34],"8":[43],"9":[4],"10":[0],"11":[0],"12":[0],"13":[0],"14":[0,0],"15":[0],"16":[5,5],"17":[1,0,0,3,3,1],"18":[0],"19":[0],"20":[0],"21":[0],"22":[3],"23":[2],"24":[2],"25":[0],"26":[5,0],"27":[0,0],"28":[0,5],"29":[0],"30":[0,12],"31":[8],"32":[0],"33":[2],"34":[6,4],"35":[3],"36":[2,11],"37":[1],"38":[36]}}
,"/workspace/webui/src/constants/socketActionTypes.ts": {"path":"/workspace/webui/src/constants/socketActionTypes.ts","statementMap":{"0":{"start":{"line":1,"column":13},"end":{"line":1,"column":34}}},"fnMap":{},"branchMap":{},"s":{"0":1},"f":{},"b":{}}
,"/workspace/webui/src/middlewares/api.ts": {"path":"/workspace/webui/src/middlewares/api.ts","statementMap":{"0":{"start":{"line":188,"column":0},"end":{"line":188,"column":16}},"1":{"start":{"line":1,"column":0},"end":{"line":1,"column":null}},"2":{"start":{"line":12,"column":0},"end":{"line":12,"column":33}},"3":{"start":{"line":16,"column":0},"end":{"line":16,"column":58}},"4":{"start":{"line":18,"column":0},"end":{"line":18,"column":59}},"5":{"start":{"line":30,"column":1},"end":{"line":35,"column":4}},"6":{"start":{"line":38,"column":1},"end":{"line":43,"column":4}},"7":{"start":{"line":52,"column":1},"end":{"line":57,"column":4}},"8":{"start":{"line":58,"column":19},"end":{"line":58,"column":45}},"9":{"start":{"line":59,"column":20},"end":{"line":59,"column":48}},"10":{"start":{"line":60,"column":12},"end":{"line":60,"column":64}},"11":{"start":{"line":61,"column":1},"end":{"line":75,"column":4}},"12":{"start":{"line":104,"column":1},"end":{"line":104,"column":67}},"13":{"start":{"line":106,"column":1},"end":{"line":112,"column":2}},"14":{"start":{"line":107,"column":2},"end":{"line":110,"column":5}},"15":{"start":{"line":111,"column":2},"end":{"line":111,"column":9}},"16":{"start":{"line":113,"column":1},"end":{"line":116,"column":2}},"17":{"start":{"line":114,"column":2},"end":{"line":114,"column":75}},"18":{"start":{"line":115,"column":2},"end":{"line":115,"column":9}},"19":{"start":{"line":118,"column":1},"end":{"line":121,"column":2}},"20":{"start":{"line":119,"column":2},"end":{"line":119,"column":52}},"21":{"start":{"line":120,"column":2},"end":{"line":120,"column":9}},"22":{"start":{"line":123,"column":1},"end":{"line":128,"column":4}},"23":{"start":{"line":130,"column":19},"end":{"line":130,"column":45}},"24":{"start":{"line":131,"column":20},"end":{"line":131,"column":52}},"25":{"start":{"line":132,"column":1},"end":{"line":143,"column":2}},"26":{"start":{"line":137,"column":2},"end":{"line":142,"column":5}},"27":{"start":{"line":147,"column":1},"end":{"line":147,"column":31}},"28":{"start":{"line":148,"column":1},"end":{"line":148,"column":61}},"29":{"start":{"line":151,"column":1},"end":{"line":161,"column":4}},"30":{"start":{"line":152,"column":2},"end":{"line":152,"column":57}},"31":{"start":{"line":153,"column":2},"end":{"line":160,"column":26}},"32":{"start":{"line":164,"column":1},"end":{"line":177,"column":4}},"33":{"start":{"line":165,"column":2},"end":{"line":165,"column":57}},"34":{"start":{"line":166,"column":2},"end":{"line":176,"column":26}},"35":{"start":{"line":180,"column":1},"end":{"line":183,"column":4}},"36":{"start":{"line":181,"column":2},"end":{"line":181,"column":49}},"37":{"start":{"line":182,"column":2},"end":{"line":182,"column":54}},"38":{"start":{"line":185,"column":1},"end":{"line":185,"column":58}},"39":{"start":{"line":189,"column":1},"end":{"line":189,"column":17}},"40":{"start":{"line":192,"column":1},"end":{"line":192,"column":42}},"41":{"start":{"line":194,"column":1},"end":{"line":205,"column":3}},"42":{"start":{"line":194,"column":41},"end":{"line":205,"column":2}},"43":{"start":{"line":195,"column":17},"end":{"line":195,"column":29}},"44":{"start":{"line":196,"column":2},"end":{"line":203,"column":3}},"45":{"start":{"line":198,"column":4},"end":{"line":198,"column":57}},"46":{"start":{"line":198,"column":30},"end":{"line":198,"column":57}},"47":{"start":{"line":199,"column":4},"end":{"line":199,"column":10}},"48":{"start":{"line":201,"column":4},"end":{"line":201,"column":55}},"49":{"start":{"line":202,"column":4},"end":{"line":202,"column":10}},"50":{"start":{"line":204,"column":2},"end":{"line":204,"column":16}}},"fnMap":{"0":{"name":"emit","decl":{"start":{"line":29,"column":9},"end":{"line":29,"column":13}},"loc":{"start":{"line":29,"column":70},"end":{"line":44,"column":1}}},"1":{"name":"dispatchRemoteAction","decl":{"start":{"line":46,"column":9},"end":{"line":46,"column":29}},"loc":{"start":{"line":51,"column":21},"end":{"line":76,"column":1}}},"2":{"name":"monitoring","decl":{"start":{"line":103,"column":9},"end":{"line":103,"column":19}},"loc":{"start":{"line":103,"column":46},"end":{"line":144,"column":1}}},"3":{"name":"connect","decl":{"start":{"line":146,"column":9},"end":{"line":146,"column":16}},"loc":{"start":{"line":146,"column":45},"end":{"line":186,"column":1}}},"4":{"name":"(anonymous_13)","decl":{"start":{"line":151,"column":35},"end":{"line":151,"column":36}},"loc":{"start":{"line":151,"column":44},"end":{"line":161,"column":2}}},"5":{"name":"(anonymous_14)","decl":{"start":{"line":164,"column":36},"end":{"line":164,"column":37}},"loc":{"start":{"line":164,"column":45},"end":{"line":177,"column":2}}},"6":{"name":"(anonymous_15)","decl":{"start":{"line":180,"column":35},"end":{"line":180,"column":36}},"loc":{"start":{"line":180,"column":44},"end":{"line":183,"column":2}}},"7":{"name":"api","decl":{"start":{"line":188,"column":16},"end":{"line":188,"column":19}},"loc":{"start":{"line":188,"column":77},"end":{"line":206,"column":1}}},"8":{"name":"(anonymous_17)","decl":{"start":{"line":194,"column":8},"end":{"line":194,"column":9}},"loc":{"start":{"line":194,"column":41},"end":{"line":205,"column":2}}},"9":{"name":"(anonymous_18)","decl":{"start":{"line":194,"column":41},"end":{"line":194,"column":42}},"loc":{"start":{"line":194,"column":65},"end":{"line":205,"column":2}}}},"branchMap":{"0":{"loc":{"start":{"line":60,"column":12},"end":{"line":60,"column":64}},"type":"binary-expr","locations":[{"start":{"line":60,"column":12},"end":{"line":60,"column":18}},{"start":{"line":60,"column":22},"end":{"line":60,"column":64}}]},"1":{"loc":{"start":{"line":106,"column":1},"end":{"line":112,"column":2}},"type":"if","locations":[{"start":{"line":106,"column":1},"end":{"line":112,"column":2}}]},"2":{"loc":{"start":{"line":113,"column":1},"end":{"line":116,"column":2}},"type":"if","locations":[{"start":{"line":113,"column":1},"end":{"line":116,"column":2}}]},"3":{"loc":{"start":{"line":118,"column":1},"end":{"line":121,"column":2}},"type":"if","locations":[{"start":{"line":118,"column":1},"end":{"line":121,"column":2}}]},"4":{"loc":{"start":{"line":125,"column":12},"end":{"line":127,"column":12}},"type":"cond-expr","locations":[{"start":{"line":126,"column":5},"end":{"line":126,"column":72}},{"start":{"line":127,"column":5},"end":{"line":127,"column":12}}]},"5":{"loc":{"start":{"line":131,"column":20},"end":{"line":131,"column":52}},"type":"binary-expr","locations":[{"start":{"line":131,"column":20},"end":{"line":131,"column":38}},{"start":{"line":131,"column":42},"end":{"line":131,"column":52}}]},"6":{"loc":{"start":{"line":132,"column":1},"end":{"line":143,"column":2}},"type":"if","locations":[{"start":{"line":132,"column":1},"end":{"line":143,"column":2}}]},"7":{"loc":{"start":{"line":133,"column":2},"end":{"line":135,"column":57}},"type":"binary-expr","locations":[{"start":{"line":133,"column":2},"end":{"line":133,"column":16}},{"start":{"line":134,"column":2},"end":{"line":134,"column":35}},{"start":{"line":135,"column":3},"end":{"line":135,"column":28}},{"start":{"line":135,"column":32},"end":{"line":135,"column":56}}]},"8":{"loc":{"start":{"line":158,"column":7},"end":{"line":158,"column":35}},"type":"binary-expr","locations":[{"start":{"line":158,"column":7},"end":{"line":158,"column":16}},{"start":{"line":158,"column":20},"end":{"line":158,"column":35}}]},"9":{"loc":{"start":{"line":159,"column":15},"end":{"line":159,"column":43}},"type":"binary-expr","locations":[{"start":{"line":159,"column":15},"end":{"line":159,"column":24}},{"start":{"line":159,"column":28},"end":{"line":159,"column":43}}]},"10":{"loc":{"start":{"line":169,"column":10},"end":{"line":169,"column":37}},"type":"binary-expr","locations":[{"start":{"line":169,"column":10},"end":{"line":169,"column":19}},{"start":{"line":169,"column":23},"end":{"line":169,"column":37}}]},"11":{"loc":{"start":{"line":174,"column":7},"end":{"line":174,"column":35}},"type":"binary-expr","locations":[{"start":{"line":174,"column":7},"end":{"line":174,"column":16}},{"start":{"line":174,"column":20},"end":{"line":174,"column":35}}]},"12":{"loc":{"start":{"line":175,"column":15},"end":{"line":175,"column":43}},"type":"binary-expr","locations":[{"start":{"line":175,"column":15},"end":{"line":175,"column":24}},{"start":{"line":175,"column":28},"end":{"line":175,"column":43}}]},"13":{"loc":{"start":{"line":196,"column":2},"end":{"line":203,"column":3}},"type":"switch","locations":[{"start":{"line":197,"column":3},"end":{"line":199,"column":10}},{"start":{"line":200,"column":3},"end":{"line":202,"column":10}}]},"14":{"loc":{"start":{"line":198,"column":4},"end":{"line":198,"column":57}},"type":"if","locations":[{"start":{"line":198,"column":4},"end":{"line":198,"column":57}}]}},"s":{"0":1,"1":1,"2":1,"3":1,"4":1,"5":4,"6":4,"7":2,"8":2,"9":2,"10":2,"11":2,"12":4,"13":4,"14":0,"15":0,"16":4,"17":0,"18":0,"19":4,"20":0,"21":0,"22":4,"23":4,"24":4,"25":4,"26":1,"27":11,"28":11,"29":11,"30":2,"31":2,"32":11,"33":2,"34":2,"35":11,"36":1,"37":1,"38":11,"39":19,"40":19,"41":19,"42":9,"43":10,"44":10,"45":4,"46":4,"47":4,"48":2,"49":2,"50":10},"f":{"0":4,"1":2,"2":4,"3":11,"4":2,"5":2,"6":1,"7":19,"8":9,"9":10},"b":{"0":[2,1],"1":[0],"2":[0],"3":[0],"4":[0,4],"5":[4,0],"6":[1],"7":[4,4,1,0],"8":[2,1],"9":[2,1],"10":[2,0],"11":[2,0],"12":[2,0],"13":[4,2],"14":[4]}}
,"/workspace/webui/src/reducers/index.ts": {"path":"/workspace/webui/src/reducers/index.ts","statementMap":{"0":{"start":{"line":1,"column":0},"end":{"line":1,"column":77}},"1":{"start":{"line":2,"column":0},"end":{"line":2,"column":40}},"2":{"start":{"line":9,"column":13},"end":{"line":11,"column":3}}},"fnMap":{},"branchMap":{},"s":{"0":1,"1":1,"2":1},"f":{},"b":{}}
,"/workspace/webui/src/utils/monitorActions.ts": {"path":"/workspace/webui/src/utils/monitorActions.ts","statementMap":{"0":{"start":{"line":8,"column":0},"end":{"line":8,"column":16}},"1":{"start":{"line":20,"column":17},"end":{"line":20,"column":22}},"2":{"start":{"line":22,"column":1},"end":{"line":37,"column":2}},"3":{"start":{"line":23,"column":25},"end":{"line":23,"column":56}},"4":{"start":{"line":24,"column":2},"end":{"line":36,"column":3}},"5":{"start":{"line":26,"column":4},"end":{"line":26,"column":70}},"6":{"start":{"line":28,"column":4},"end":{"line":28,"column":56}},"7":{"start":{"line":30,"column":3},"end":{"line":35,"column":21}},"8":{"start":{"line":39,"column":1},"end":{"line":45,"column":4}},"9":{"start":{"line":46,"column":1},"end":{"line":46,"column":34}}},"fnMap":{"0":{"name":"nonReduxDispatch","decl":{"start":{"line":8,"column":16},"end":{"line":8,"column":32}},"loc":{"start":{"line":14,"column":27},"end":{"line":47,"column":1}}}},"branchMap":{"0":{"loc":{"start":{"line":22,"column":1},"end":{"line":37,"column":2}},"type":"if","locations":[{"start":{"line":22,"column":1},"end":{"line":37,"column":2}}]},"1":{"loc":{"start":{"line":24,"column":2},"end":{"line":36,"column":3}},"type":"if","locations":[{"start":{"line":24,"column":2},"end":{"line":36,"column":3}}]},"2":{"loc":{"start":{"line":26,"column":4},"end":{"line":26,"column":70}},"type":"cond-expr","locations":[{"start":{"line":26,"column":34},"end":{"line":26,"column":35}},{"start":{"line":26,"column":38},"end":{"line":26,"column":70}}]},"3":{"loc":{"start":{"line":31,"column":4},"end":{"line":35,"column":20}},"type":"cond-expr","locations":[{"start":{"line":34,"column":8},"end":{"line":34,"column":50}},{"start":{"line":35,"column":7},"end":{"line":35,"column":20}}]},"4":{"loc":{"start":{"line":31,"column":4},"end":{"line":33,"column":28}},"type":"binary-expr","locations":[{"start":{"line":31,"column":4},"end":{"line":31,"column":17}},{"start":{"line":32,"column":4},"end":{"line":32,"column":37}},{"start":{"line":33,"column":4},"end":{"line":33,"column":28}}]}},"s":{"0":2,"1":22,"2":22,"3":15,"4":15,"5":8,"6":8,"7":8,"8":22,"9":22},"f":{"0":22},"b":{"0":[15],"1":[8],"2":[1,7],"3":[1,7],"4":[8,7,7]}}
}
