TN:
SF:src/index.ts
FN:8,(anonymous_0)
FNF:1
FNH:1
FNDA:1,(anonymous_0)
DA:4,3
DA:5,2
DA:6,2
DA:8,1
LF:4
LH:4
BRDA:4,0,0,2
BRDA:4,0,1,1
BRF:2
BRH:2
end_of_record
TN:
SF:src/withDevtools.ts
FN:120,(anonymous_0)
FN:121,(anonymous_1)
FN:136,(anonymous_2)
FN:146,(anonymous_3)
FN:171,(anonymous_4)
FN:216,(anonymous_5)
FN:221,(anonymous_6)
FN:245,(anonymous_7)
FN:253,(anonymous_8)
FN:266,(anonymous_9)
FN:274,(anonymous_10)
FN:288,(anonymous_11)
FN:308,(anonymous_12)
FN:317,(anonymous_13)
FNF:14
FNH:13
FNDA:19,(anonymous_0)
FNDA:20,(anonymous_1)
FNDA:2,(anonymous_2)
FNDA:0,(anonymous_3)
FNDA:4,(anonymous_4)
FNDA:19,(anonymous_5)
FNDA:4,(anonymous_6)
FNDA:18,(anonymous_7)
FNDA:5,(anonymous_8)
FNDA:2,(anonymous_9)
FNDA:5,(anonymous_10)
FNDA:6,(anonymous_11)
FNDA:1,(anonymous_12)
FNDA:19,(anonymous_13)
DA:1,3
DA:120,3
DA:121,19
DA:123,20
DA:126,20
DA:127,20
DA:128,1
DA:132,19
DA:133,19
DA:136,19
DA:137,2
DA:138,2
DA:140,1
DA:141,1
DA:146,19
DA:147,0
DA:149,0
DA:150,0
DA:152,0
DA:153,0
DA:154,0
DA:157,0
DA:162,0
DA:166,0
DA:171,19
DA:172,4
DA:174,4
DA:176,1
DA:177,1
DA:178,1
DA:181,0
DA:182,0
DA:183,0
DA:184,0
DA:187,0
DA:190,0
DA:191,0
DA:192,0
DA:193,0
DA:194,0
DA:197,0
DA:201,2
DA:202,2
DA:203,2
DA:204,1
DA:207,2
DA:210,1
DA:211,1
DA:216,19
DA:217,19
DA:218,19
DA:221,17
DA:222,4
DA:226,0
DA:228,4
DA:230,0
DA:231,0
DA:233,4
DA:234,4
DA:238,17
DA:240,2
DA:245,19
DA:246,18
DA:253,19
DA:254,5
DA:256,5
DA:258,5
DA:266,19
DA:267,2
DA:268,2
DA:269,2
DA:270,2
DA:274,19
DA:275,5
DA:276,2
DA:279,3
DA:280,2
DA:283,1
DA:287,19
DA:288,19
DA:294,6
DA:298,6
DA:300,5
DA:301,5
DA:303,5
DA:307,19
DA:314,19
DA:317,19
DA:318,19
DA:319,17
DA:323,19
DA:326,3
LF:92
LH:69
BRDA:120,0,0,12
BRDA:126,1,0,20
BRDA:126,1,1,19
BRDA:127,2,0,1
BRDA:147,3,0,0
BRDA:150,4,0,0
BRDA:152,5,0,0
BRDA:162,6,0,0
BRDA:163,7,0,0
BRDA:163,7,1,0
BRDA:172,8,0,0
BRDA:172,9,0,4
BRDA:172,9,1,4
BRDA:174,10,0,1
BRDA:174,10,1,0
BRDA:174,10,2,0
BRDA:174,10,3,2
BRDA:174,10,4,2
BRDA:174,10,5,1
BRDA:181,11,0,0
BRDA:183,12,0,0
BRDA:190,13,0,0
BRDA:192,14,0,0
BRDA:201,15,0,2
BRDA:203,16,0,1
BRDA:222,17,0,0
BRDA:223,18,0,4
BRDA:223,18,1,0
BRDA:224,19,0,0
BRDA:224,19,1,0
BRDA:228,20,0,0
BRDA:228,20,1,4
BRDA:254,21,0,0
BRDA:256,22,0,0
BRDA:256,22,1,5
BRDA:275,23,0,2
BRDA:276,24,0,2
BRDA:276,24,1,1
BRDA:279,25,0,2
BRDA:294,26,0,0
BRDA:294,26,1,6
BRDA:298,27,0,1
BRDA:318,28,0,17
BRF:43
BRH:22
end_of_record
TN:
SF:webui/src/constants/socketActionTypes.ts
FNF:0
FNH:0
DA:1,1
LF:1
LH:1
BRF:0
BRH:0
end_of_record
TN:
SF:webui/src/middlewares/api.ts
FN:29,emit
FN:46,dispatchRemoteAction
FN:103,monitoring
FN:146,connect
FN:151,(anonymous_13)
FN:164,(anonymous_14)
FN:180,(anonymous_15)
FN:188,api
FN:194,(anonymous_17)
FN:194,(anonymous_18)
FNF:10
FNH:10
FNDA:4,emit
FNDA:2,dispatchRemoteAction
FNDA:4,monitoring
FNDA:11,connect
FNDA:2,(anonymous_13)
FNDA:2,(anonymous_14)
FNDA:1,(anonymous_15)
FNDA:19,api
FNDA:9,(anonymous_17)
FNDA:10,(anonymous_18)
DA:1,1
DA:12,1
DA:16,1
DA:18,1
DA:30,4
DA:38,4
DA:52,2
DA:58,2
DA:59,2
DA:60,2
DA:61,2
DA:104,4
DA:106,4
DA:107,0
DA:111,0
DA:113,4
DA:114,0
DA:115,0
DA:118,4
DA:119,0
DA:120,0
DA:123,4
DA:130,4
DA:131,4
DA:132,4
DA:137,1
DA:147,11
DA:148,11
DA:151,11
DA:152,2
DA:153,2
DA:164,11
DA:165,2
DA:166,2
DA:180,11
DA:181,1
DA:182,1
DA:185,11
DA:188,1
DA:189,19
DA:192,19
DA:194,19
DA:195,10
DA:196,10
DA:198,4
DA:199,4
DA:201,2
DA:202,2
DA:204,10
LF:49
LH:43
BRDA:60,0,0,2
BRDA:60,0,1,1
BRDA:106,1,0,0
BRDA:113,2,0,0
BRDA:118,3,0,0
BRDA:125,4,0,0
BRDA:125,4,1,4
BRDA:131,5,0,4
BRDA:131,5,1,0
BRDA:132,6,0,1
BRDA:133,7,0,4
BRDA:133,7,1,4
BRDA:133,7,2,1
BRDA:133,7,3,0
BRDA:158,8,0,2
BRDA:158,8,1,1
BRDA:159,9,0,2
BRDA:159,9,1,1
BRDA:169,10,0,2
BRDA:169,10,1,0
BRDA:174,11,0,2
BRDA:174,11,1,0
BRDA:175,12,0,2
BRDA:175,12,1,0
BRDA:196,13,0,4
BRDA:196,13,1,2
BRDA:198,14,0,4
BRF:27
BRH:18
end_of_record
TN:
SF:webui/src/reducers/index.ts
FNF:0
FNH:0
DA:1,1
DA:2,1
DA:9,1
LF:3
LH:3
BRF:0
BRH:0
end_of_record
TN:
SF:webui/src/utils/monitorActions.ts
FN:8,nonReduxDispatch
FNF:1
FNH:1
FNDA:22,nonReduxDispatch
DA:8,2
DA:20,22
DA:22,22
DA:23,15
DA:24,15
DA:26,8
DA:28,8
DA:30,8
DA:39,22
DA:46,22
LF:10
LH:10
BRDA:22,0,0,15
BRDA:24,1,0,8
BRDA:26,2,0,1
BRDA:26,2,1,7
BRDA:31,3,0,1
BRDA:31,3,1,7
BRDA:31,4,0,8
BRDA:31,4,1,7
BRDA:31,4,2,7
BRF:9
BRH:9
end_of_record
