TN:
SF:src/index.ts
FN:8,(anonymous_0)
FNF:1
FNH:1
FNDA:1,(anonymous_0)
DA:4,3
DA:5,2
DA:6,2
DA:8,1
LF:4
LH:4
BRDA:4,0,0,2
BRDA:4,0,1,1
BRF:2
BRH:2
end_of_record
TN:
SF:src/withDevtools.ts
FN:143,(anonymous_0)
FN:155,(anonymous_1)
FN:173,(anonymous_2)
FN:180,(anonymous_3)
FN:181,(anonymous_4)
FN:202,(anonymous_5)
FN:223,(anonymous_6)
FN:233,(anonymous_7)
FN:258,(anonymous_8)
FN:303,(anonymous_9)
FN:312,(anonymous_10)
FN:331,(anonymous_11)
FN:339,(anonymous_12)
FN:352,(anonymous_13)
FN:360,(anonymous_14)
FN:387,(anonymous_15)
FN:407,(anonymous_16)
FN:420,(anonymous_17)
FNF:18
FNH:17
FNDA:38,(anonymous_0)
FNDA:32,(anonymous_1)
FNDA:33,(anonymous_2)
FNDA:38,(anonymous_3)
FNDA:39,(anonymous_4)
FNDA:49,(anonymous_5)
FNDA:3,(anonymous_6)
FNDA:0,(anonymous_7)
FNDA:5,(anonymous_8)
FNDA:38,(anonymous_9)
FNDA:5,(anonymous_10)
FNDA:37,(anonymous_11)
FNDA:12,(anonymous_12)
FNDA:3,(anonymous_13)
FNDA:12,(anonymous_14)
FNDA:13,(anonymous_15)
FNDA:1,(anonymous_16)
FNDA:38,(anonymous_17)
DA:1,3
DA:138,3
DA:139,3
DA:140,3
DA:143,3
DA:145,38
DA:146,0
DA:150,38
DA:151,6
DA:155,32
DA:156,32
DA:157,32
DA:158,31
DA:159,31
DA:160,31
DA:162,31
DA:164,1
DA:165,1
DA:169,32
DA:173,3
DA:174,33
DA:175,33
DA:176,33
DA:180,3
DA:181,38
DA:183,39
DA:186,39
DA:187,39
DA:188,1
DA:192,38
DA:193,38
DA:194,38
DA:198,38
DA:199,38
DA:202,38
DA:203,49
DA:204,43
DA:210,6
DA:211,4
DA:212,4
DA:214,1
DA:215,1
DA:219,2
DA:223,38
DA:224,3
DA:225,3
DA:227,1
DA:228,1
DA:233,38
DA:234,0
DA:236,0
DA:237,0
DA:239,0
DA:240,0
DA:241,0
DA:244,0
DA:249,0
DA:253,0
DA:258,38
DA:259,5
DA:261,5
DA:263,1
DA:264,1
DA:265,1
DA:268,0
DA:269,0
DA:270,0
DA:271,0
DA:274,0
DA:277,0
DA:278,0
DA:279,0
DA:280,0
DA:281,0
DA:284,0
DA:288,3
DA:289,3
DA:290,3
DA:291,2
DA:294,3
DA:297,1
DA:298,1
DA:303,38
DA:305,38
DA:307,38
DA:308,2
DA:312,36
DA:313,5
DA:317,0
DA:319,5
DA:321,0
DA:322,0
DA:324,5
DA:325,5
DA:331,38
DA:332,37
DA:339,38
DA:340,12
DA:342,12
DA:344,12
DA:352,38
DA:353,3
DA:354,3
DA:355,3
DA:356,3
DA:360,38
DA:364,12
DA:367,8
DA:368,0
DA:372,8
DA:373,2
DA:375,6
DA:378,4
DA:379,3
DA:382,1
DA:386,38
DA:387,38
DA:393,13
DA:397,13
DA:399,12
DA:400,12
DA:402,12
DA:406,38
DA:413,38
DA:417,38
DA:420,38
DA:421,38
DA:422,36
DA:426,38
DA:429,3
LF:130
LH:105
BRDA:145,0,0,0
BRDA:150,1,0,6
BRDA:158,2,0,31
BRDA:180,3,0,15
BRDA:186,4,0,39
BRDA:186,4,1,38
BRDA:187,5,0,1
BRDA:198,6,0,4
BRDA:198,6,1,34
BRDA:199,7,0,4
BRDA:199,7,1,34
BRDA:203,8,0,43
BRDA:210,9,0,4
BRDA:234,10,0,0
BRDA:237,11,0,0
BRDA:239,12,0,0
BRDA:249,13,0,0
BRDA:250,14,0,0
BRDA:250,14,1,0
BRDA:259,15,0,0
BRDA:259,16,0,5
BRDA:259,16,1,5
BRDA:261,17,0,1
BRDA:261,17,1,0
BRDA:261,17,2,0
BRDA:261,17,3,3
BRDA:261,17,4,3
BRDA:261,17,5,1
BRDA:268,18,0,0
BRDA:270,19,0,0
BRDA:277,20,0,0
BRDA:279,21,0,0
BRDA:288,22,0,3
BRDA:290,23,0,2
BRDA:307,24,0,2
BRDA:313,25,0,0
BRDA:314,26,0,5
BRDA:314,26,1,0
BRDA:315,27,0,0
BRDA:315,27,1,0
BRDA:319,28,0,0
BRDA:319,28,1,5
BRDA:340,29,0,0
BRDA:342,30,0,0
BRDA:342,30,1,12
BRDA:364,31,0,8
BRDA:367,32,0,0
BRDA:372,33,0,2
BRDA:375,34,0,6
BRDA:375,34,1,4
BRDA:378,35,0,3
BRDA:393,36,0,2
BRDA:393,36,1,11
BRDA:397,37,0,1
BRDA:421,38,0,36
BRF:55
BRH:33
end_of_record
TN:
SF:webui/src/constants/socketActionTypes.ts
FNF:0
FNH:0
DA:1,1
LF:1
LH:1
BRF:0
BRH:0
end_of_record
TN:
SF:webui/src/middlewares/api.ts
FN:29,emit
FN:46,dispatchRemoteAction
FN:103,monitoring
FN:146,connect
FN:151,(anonymous_13)
FN:164,(anonymous_14)
FN:180,(anonymous_15)
FN:188,api
FN:194,(anonymous_17)
FN:194,(anonymous_18)
FNF:10
FNH:10
FNDA:4,emit
FNDA:2,dispatchRemoteAction
FNDA:4,monitoring
FNDA:11,connect
FNDA:2,(anonymous_13)
FNDA:2,(anonymous_14)
FNDA:1,(anonymous_15)
FNDA:19,api
FNDA:9,(anonymous_17)
FNDA:10,(anonymous_18)
DA:1,1
DA:12,1
DA:16,1
DA:18,1
DA:30,4
DA:38,4
DA:52,2
DA:58,2
DA:59,2
DA:60,2
DA:61,2
DA:104,4
DA:106,4
DA:107,0
DA:111,0
DA:113,4
DA:114,0
DA:115,0
DA:118,4
DA:119,0
DA:120,0
DA:123,4
DA:130,4
DA:131,4
DA:132,4
DA:137,1
DA:147,11
DA:148,11
DA:151,11
DA:152,2
DA:153,2
DA:164,11
DA:165,2
DA:166,2
DA:180,11
DA:181,1
DA:182,1
DA:185,11
DA:188,1
DA:189,19
DA:192,19
DA:194,19
DA:195,10
DA:196,10
DA:198,4
DA:199,4
DA:201,2
DA:202,2
DA:204,10
LF:49
LH:43
BRDA:60,0,0,2
BRDA:60,0,1,1
BRDA:106,1,0,0
BRDA:113,2,0,0
BRDA:118,3,0,0
BRDA:125,4,0,0
BRDA:125,4,1,4
BRDA:131,5,0,4
BRDA:131,5,1,0
BRDA:132,6,0,1
BRDA:133,7,0,4
BRDA:133,7,1,4
BRDA:133,7,2,1
BRDA:133,7,3,0
BRDA:158,8,0,2
BRDA:158,8,1,1
BRDA:159,9,0,2
BRDA:159,9,1,1
BRDA:169,10,0,2
BRDA:169,10,1,0
BRDA:174,11,0,2
BRDA:174,11,1,0
BRDA:175,12,0,2
BRDA:175,12,1,0
BRDA:196,13,0,4
BRDA:196,13,1,2
BRDA:198,14,0,4
BRF:27
BRH:18
end_of_record
TN:
SF:webui/src/reducers/index.ts
FNF:0
FNH:0
DA:1,1
DA:2,1
DA:9,1
LF:3
LH:3
BRF:0
BRH:0
end_of_record
TN:
SF:webui/src/utils/monitorActions.ts
FN:8,nonReduxDispatch
FNF:1
FNH:1
FNDA:22,nonReduxDispatch
DA:8,2
DA:20,22
DA:22,22
DA:23,15
DA:24,15
DA:26,8
DA:28,8
DA:30,8
DA:39,22
DA:46,22
LF:10
LH:10
BRDA:22,0,0,15
BRDA:24,1,0,8
BRDA:26,2,0,1
BRDA:26,2,1,7
BRDA:31,3,0,1
BRDA:31,3,1,7
BRDA:31,4,0,8
BRDA:31,4,1,7
BRDA:31,4,2,7
BRF:9
BRH:9
end_of_record
